<?xml version="1.0" encoding="UTF-8"?>
<testng-results ignored="0" total="2" passed="2" failed="0" skipped="0">
  <reporter-output>
  </reporter-output>
  <suite started-at="2023-11-01T09:03:13 GMT" name="Suite" finished-at="2023-11-01T09:04:03 GMT" duration-ms="50237">
    <groups>
      <group name="CoreUserJourneys">
        <method signature="journey1.checkoutFramework(java.util.HashMap)[pri:0, instance:org.generalstore.journey1@31edaa7d]" name="checkoutFramework" class="org.generalstore.journey1"/>
      </group> <!-- CoreUserJourneys -->
    </groups>
    <test started-at="2023-11-01T09:03:13 GMT" name="journey-1" finished-at="2023-11-01T09:04:03 GMT" duration-ms="50237">
      <class name="org.generalstore.journey1">
        <test-method is-config="true" signature="ConfigureAppium()[pri:0, instance:org.generalstore.journey1@31edaa7d]" started-at="2023-11-01T09:03:13 GMT" name="ConfigureAppium" finished-at="2023-11-01T09:03:28 GMT" duration-ms="14605" status="PASS">
          <reporter-output>
          </reporter-output>
        </test-method> <!-- ConfigureAppium -->
        <test-method is-config="true" signature="preSetup()[pri:0, instance:org.generalstore.journey1@31edaa7d]" started-at="2023-11-01T09:03:28 GMT" name="preSetup" finished-at="2023-11-01T09:03:29 GMT" duration-ms="924" status="PASS">
          <reporter-output>
          </reporter-output>
        </test-method> <!-- preSetup -->
        <test-method signature="checkoutFramework(java.util.HashMap)[pri:0, instance:org.generalstore.journey1@31edaa7d]" started-at="2023-11-01T09:03:29 GMT" name="checkoutFramework" data-provider="getData" finished-at="2023-11-01T09:03:45 GMT" duration-ms="16229" status="PASS">
          <params>
            <param index="0">
              <value>
                <![CDATA[{gender=male, name=Josh McCall, country=Argentina}]]>
              </value>
            </param>
          </params>
          <reporter-output>
          </reporter-output>
        </test-method> <!-- checkoutFramework -->
        <test-method is-config="true" signature="preSetup()[pri:0, instance:org.generalstore.journey1@31edaa7d]" started-at="2023-11-01T09:03:45 GMT" name="preSetup" finished-at="2023-11-01T09:03:46 GMT" duration-ms="859" status="PASS">
          <reporter-output>
          </reporter-output>
        </test-method> <!-- preSetup -->
        <test-method signature="checkoutFramework(java.util.HashMap)[pri:0, instance:org.generalstore.journey1@31edaa7d]" started-at="2023-11-01T09:03:46 GMT" name="checkoutFramework" data-provider="getData" finished-at="2023-11-01T09:04:03 GMT" duration-ms="17460" status="PASS">
          <params>
            <param index="0">
              <value>
                <![CDATA[{gender=female, name=Jane Doe, country=Belarus}]]>
              </value>
            </param>
          </params>
          <reporter-output>
          </reporter-output>
        </test-method> <!-- checkoutFramework -->
      </class> <!-- org.generalstore.journey1 -->
    </test> <!-- journey-1 -->
  </suite> <!-- Suite -->
</testng-results>
