<?xml version="1.0" encoding="UTF-8"?>
<testsuite xmlns:xsi="http://www.w3.org/2001/XMLSchema-instance" xsi:noNamespaceSchemaLocation="https://maven.apache.org/surefire/maven-surefire-plugin/xsd/surefire-test-report-3.0.xsd" version="3.0" name="TestSuite" time="55.85" tests="2" errors="0" skipped="0" failures="0">
  <properties>
[...]
</properties>
  <testcase name="checkoutFramework[{gender=male, name=Josh McCall, country=Argentina}](1)" classname="org.generalstore.journey1" time="16.7">
    <system-out><![CDATA[11:50:50.842 [main] DEBUG org.testng.TestNG -- suiteXmlPath: "C:\Users\joshm\IdeaProjects\automation_framework\testNGSuites\testing_CoreUserJourneys.xml"
&amp#27;[35m[Appium]&amp#27;[39m Welcome to Appium v2.1.3
&amp#27;[35m[Appium]&amp#27;[39m Non-default server args:
&amp#27;[35m[Appium]&amp#27;[39m { address: &amp#27;[32m'127.0.0.1'&amp#27;[39m }
&amp#27;[35m[Appium]&amp#27;[39m Attempting to load driver uiautomator2...
[debug] &amp#27;[35m[Appium]&amp#27;[39m Requiring driver at C:\Users\joshm\node_modules\appium-uiautomator2-driver
&amp#27;[35m[Appium]&amp#27;[39m Appium REST http interface listener started on http://127.0.0.1:4723
&amp#27;[35m[Appium]&amp#27;[39m Available drivers:
&amp#27;[35m[Appium]&amp#27;[39m   - uiautomator2@2.32.3 (automationName 'UiAutomator2')
&amp#27;[35m[Appium]&amp#27;[39m No plugins have been installed. Use the "appium plugin" command to install the one(s) you want to use.
&amp#27;[38;5;0m[HTTP]&amp#27;[0m &amp#27;[37m-->&amp#27;[39m &amp#27;[37mGET&amp#27;[39m &amp#27;[37m/status&amp#27;[39m
&amp#27;[38;5;0m[HTTP]&amp#27;[0m &amp#27;[90m{}&amp#27;[39m
[debug] &amp#27;[38;5;16m[AppiumDriver@3cd3]&amp#27;[0m Calling AppiumDriver.getStatus() with args: []
[debug] &amp#27;[38;5;16m[AppiumDriver@3cd3]&amp#27;[0m Responding to client with driver.getStatus() result: {"ready":true,"message":"The server is ready to accept new connections","build":{"version":"2.1.3"}}
&amp#27;[38;5;0m[HTTP]&amp#27;[0m &amp#27;[37m<-- GET /status &amp#27;[39m&amp#27;[32m200&amp#27;[39m &amp#27;[90m5 ms - 110&amp#27;[39m
&amp#27;[38;5;0m[HTTP]&amp#27;[0m &amp#27;[90m&amp#27;[39m
11:50:58.635 [main] DEBUG io.netty.util.internal.logging.InternalLoggerFactory -- Using SLF4J as the default logging framework
11:50:58.637 [main] DEBUG io.netty.util.ResourceLeakDetector -- -Dio.netty.leakDetection.level: simple
11:50:58.637 [main] DEBUG io.netty.util.ResourceLeakDetector -- -Dio.netty.leakDetection.targetRecords: 4
11:50:58.642 [main] DEBUG io.netty.util.ResourceLeakDetectorFactory -- Loaded default ResourceLeakDetector: io.netty.util.ResourceLeakDetector@201b6b6f
11:50:58.657 [main] DEBUG io.netty.util.internal.PlatformDependent0 -- -Dio.netty.noUnsafe: false
11:50:58.658 [main] DEBUG io.netty.util.internal.PlatformDependent0 -- Java version: 21
11:50:58.658 [main] DEBUG io.netty.util.internal.PlatformDependent0 -- sun.misc.Unsafe.theUnsafe: available
11:50:58.659 [main] DEBUG io.netty.util.internal.PlatformDependent0 -- sun.misc.Unsafe.copyMemory: available
11:50:58.659 [main] DEBUG io.netty.util.internal.PlatformDependent0 -- sun.misc.Unsafe.storeFence: available
11:50:58.659 [main] DEBUG io.netty.util.internal.PlatformDependent0 -- java.nio.Buffer.address: available
11:50:58.660 [main] DEBUG io.netty.util.internal.PlatformDependent0 -- direct buffer constructor: unavailable: Reflective setAccessible(true) disabled
11:50:58.660 [main] DEBUG io.netty.util.internal.PlatformDependent0 -- java.nio.Bits.unaligned: available, true
11:50:58.661 [main] DEBUG io.netty.util.internal.PlatformDependent0 -- jdk.internal.misc.Unsafe.allocateUninitializedArray(int): unavailable: class io.netty.util.internal.PlatformDependent0$7 cannot access class jdk.internal.misc.Unsafe (in module java.base) because module java.base does not export jdk.internal.misc to unnamed module @1b1cfb87
11:50:58.662 [main] DEBUG io.netty.util.internal.PlatformDependent0 -- java.nio.DirectByteBuffer.<init>(long, {int,long}): unavailable
11:50:58.662 [main] DEBUG io.netty.util.internal.PlatformDependent -- sun.misc.Unsafe: available
11:50:58.664 [main] DEBUG io.netty.util.internal.PlatformDependent -- maxDirectMemory: 4232052736 bytes (maybe)
11:50:58.664 [main] DEBUG io.netty.util.internal.PlatformDependent -- -Dio.netty.tmpdir: C:\Users\joshm\AppData\Local\Temp (java.io.tmpdir)
11:50:58.664 [main] DEBUG io.netty.util.internal.PlatformDependent -- -Dio.netty.bitMode: 64 (sun.arch.data.model)
11:50:58.664 [main] DEBUG io.netty.util.internal.PlatformDependent -- Platform: Windows
11:50:58.666 [main] DEBUG io.netty.util.internal.PlatformDependent -- -Dio.netty.maxDirectMemory: -1 bytes
11:50:58.666 [main] DEBUG io.netty.util.internal.PlatformDependent -- -Dio.netty.uninitializedArrayAllocationThreshold: -1
11:50:58.666 [main] DEBUG io.netty.util.internal.CleanerJava9 -- java.nio.ByteBuffer.cleaner(): available
11:50:58.667 [main] DEBUG io.netty.util.internal.PlatformDependent -- -Dio.netty.noPreferDirect: false
11:50:58.675 [main] DEBUG io.netty.util.internal.PlatformDependent -- org.jctools-core.MpscChunkedArrayQueue: available
11:50:58.698 [main] DEBUG io.netty.util.internal.InternalThreadLocalMap -- -Dio.netty.threadLocalMap.stringBuilder.initialSize: 1024
11:50:58.698 [main] DEBUG io.netty.util.internal.InternalThreadLocalMap -- -Dio.netty.threadLocalMap.stringBuilder.maxSize: 4096
11:50:58.837 [main] DEBUG io.netty.handler.ssl.JdkSslContext -- Default protocols (JDK): [TLSv1.3, TLSv1.2] 
11:50:58.837 [main] DEBUG io.netty.handler.ssl.JdkSslContext -- Default cipher suites (JDK): [TLS_ECDHE_ECDSA_WITH_AES_256_GCM_SHA384, TLS_ECDHE_ECDSA_WITH_AES_128_GCM_SHA256, TLS_ECDHE_RSA_WITH_AES_128_GCM_SHA256, TLS_ECDHE_RSA_WITH_AES_256_GCM_SHA384, TLS_ECDHE_RSA_WITH_AES_128_CBC_SHA, TLS_ECDHE_RSA_WITH_AES_256_CBC_SHA, TLS_RSA_WITH_AES_128_GCM_SHA256, TLS_RSA_WITH_AES_128_CBC_SHA, TLS_RSA_WITH_AES_256_CBC_SHA, TLS_AES_128_GCM_SHA256, TLS_AES_256_GCM_SHA384]
11:50:58.847 [main] DEBUG io.netty.util.concurrent.GlobalEventExecutor -- -Dio.netty.globalEventExecutor.quietPeriodSeconds: 1
11:50:58.856 [main] DEBUG io.netty.channel.MultithreadEventLoopGroup -- -Dio.netty.eventLoopThreads: 24
11:50:58.863 [main] DEBUG io.netty.channel.nio.NioEventLoop -- -Dio.netty.noKeySetOptimization: false
11:50:58.864 [main] DEBUG io.netty.channel.nio.NioEventLoop -- -Dio.netty.selectorAutoRebuildThreshold: 512
11:50:58.929 [main] DEBUG io.netty.buffer.PooledByteBufAllocator -- -Dio.netty.allocator.numHeapArenas: 24
11:50:58.929 [main] DEBUG io.netty.buffer.PooledByteBufAllocator -- -Dio.netty.allocator.numDirectArenas: 24
11:50:58.929 [main] DEBUG io.netty.buffer.PooledByteBufAllocator -- -Dio.netty.allocator.pageSize: 8192
11:50:58.929 [main] DEBUG io.netty.buffer.PooledByteBufAllocator -- -Dio.netty.allocator.maxOrder: 9
11:50:58.929 [main] DEBUG io.netty.buffer.PooledByteBufAllocator -- -Dio.netty.allocator.chunkSize: 4194304
11:50:58.929 [main] DEBUG io.netty.buffer.PooledByteBufAllocator -- -Dio.netty.allocator.smallCacheSize: 256
11:50:58.929 [main] DEBUG io.netty.buffer.PooledByteBufAllocator -- -Dio.netty.allocator.normalCacheSize: 64
11:50:58.929 [main] DEBUG io.netty.buffer.PooledByteBufAllocator -- -Dio.netty.allocator.maxCachedBufferCapacity: 32768
11:50:58.929 [main] DEBUG io.netty.buffer.PooledByteBufAllocator -- -Dio.netty.allocator.cacheTrimInterval: 8192
11:50:58.929 [main] DEBUG io.netty.buffer.PooledByteBufAllocator -- -Dio.netty.allocator.cacheTrimIntervalMillis: 0
11:50:58.929 [main] DEBUG io.netty.buffer.PooledByteBufAllocator -- -Dio.netty.allocator.useCacheForAllThreads: false
11:50:58.929 [main] DEBUG io.netty.buffer.PooledByteBufAllocator -- -Dio.netty.allocator.maxCachedByteBuffersPerChunk: 1023
11:50:58.941 [main] DEBUG io.netty.buffer.ByteBufUtil -- -Dio.netty.allocator.type: pooled
11:50:58.941 [main] DEBUG io.netty.buffer.ByteBufUtil -- -Dio.netty.threadLocalDirectBufferSize: 0
11:50:58.941 [main] DEBUG io.netty.buffer.ByteBufUtil -- -Dio.netty.maxThreadLocalCharBufferSize: 16384
11:50:59.135 [Forwarding newSession on session null to remote] DEBUG io.netty.channel.DefaultChannelId -- -Dio.netty.processId: 15736 (auto-detected)
11:50:59.137 [Forwarding newSession on session null to remote] DEBUG io.netty.util.NetUtil -- -Djava.net.preferIPv4Stack: false
11:50:59.137 [Forwarding newSession on session null to remote] DEBUG io.netty.util.NetUtil -- -Djava.net.preferIPv6Addresses: false
11:50:59.142 [Forwarding newSession on session null to remote] DEBUG io.netty.util.NetUtilInitializations -- Loopback interface: loopback_0 (Software Loopback Interface 1, 0:0:0:0:0:0:0:1)
11:50:59.143 [Forwarding newSession on session null to remote] DEBUG io.netty.util.NetUtil -- Failed to get SOMAXCONN from sysctl and file \proc\sys\net\core\somaxconn. Default: 200
11:50:59.145 [Forwarding newSession on session null to remote] DEBUG io.netty.channel.DefaultChannelId -- -Dio.netty.machineId: 74:97:79:ff:fe:fd:4d:e6 (auto-detected)
11:50:59.189 [AsyncHttpClient-1-2] DEBUG io.netty.buffer.AbstractByteBuf -- -Dio.netty.buffer.checkAccessible: true
11:50:59.190 [AsyncHttpClient-1-2] DEBUG io.netty.buffer.AbstractByteBuf -- -Dio.netty.buffer.checkBounds: true
11:50:59.190 [AsyncHttpClient-1-2] DEBUG io.netty.util.ResourceLeakDetectorFactory -- Loaded default ResourceLeakDetector: io.netty.util.ResourceLeakDetector@7a5bd45c
11:50:59.204 [AsyncHttpClient-1-2] DEBUG org.asynchttpclient.netty.channel.NettyConnectListener -- Using new Channel '[id: 0x224bf424, L:/127.0.0.1:53725 - R:/127.0.0.1:4723]' for 'POST' to '/session'
11:50:59.219 [AsyncHttpClient-1-2] DEBUG io.netty.util.Recycler -- -Dio.netty.recycler.maxCapacityPerThread: 4096
11:50:59.219 [AsyncHttpClient-1-2] DEBUG io.netty.util.Recycler -- -Dio.netty.recycler.ratio: 8
11:50:59.219 [AsyncHttpClient-1-2] DEBUG io.netty.util.Recycler -- -Dio.netty.recycler.chunkSize: 32
11:50:59.219 [AsyncHttpClient-1-2] DEBUG io.netty.util.Recycler -- -Dio.netty.recycler.blocking: false
11:50:59.219 [AsyncHttpClient-1-2] DEBUG io.netty.util.Recycler -- -Dio.netty.recycler.batchFastThreadLocalOnly: true
[debug] &amp#27;[38;5;0m[HTTP]&amp#27;[0m Request idempotency key: b2fb6493-4ccc-4641-b755-e35f39384d08
&amp#27;[38;5;0m[HTTP]&amp#27;[0m &amp#27;[37m-->&amp#27;[39m &amp#27;[37mPOST&amp#27;[39m &amp#27;[37m/session&amp#27;[39m
&amp#27;[38;5;0m[HTTP]&amp#27;[0m &amp#27;[90m{"capabilities":{"firstMatch":[{}],"alwaysMatch":{"appium:app":"C:\\Users\\joshm\\IdeaProjects\\automation_framework\\src\\resources\\General-Store.apk","appium:automationName":"UIAutomator2","appium:chromedriverExecutable":"C:\\Users\\joshm\\Documents\\QA\\chromedriver.exe","appium:deviceName":"Test Device","platformName":"ANDROID"}}}&amp#27;[39m
[debug] &amp#27;[38;5;16m[AppiumDriver@3cd3]&amp#27;[0m Calling AppiumDriver.createSession() with args: [null,null,{"firstMatch":[{}],"alwaysMatch":{"appium:app":"C:\\Users\\joshm\\IdeaProjects\\automation_framework\\src\\resources\\General-Store.apk","appium:automationName":"UIAutomator2","appium:chromedriverExecutable":"C:\\Users\\joshm\\Documents\\QA\\chromedriver.exe","appium:deviceName":"Test Device","platformName":"ANDROID"}}]
[debug] &amp#27;[38;5;16m[AppiumDriver@3cd3]&amp#27;[0m Event 'newSessionRequested' logged at 1698839459247 (11:50:59 GMT+0000 (Greenwich Mean Time))
&amp#27;[35m[Appium]&amp#27;[39m Attempting to find matching driver for automationName 'UIAutomator2' and platformName 'ANDROID'
&amp#27;[35m[Appium]&amp#27;[39m The 'uiautomator2' driver was installed and matched caps.
&amp#27;[35m[Appium]&amp#27;[39m Will require it at C:\Users\joshm\node_modules\appium-uiautomator2-driver
[debug] &amp#27;[35m[Appium]&amp#27;[39m Requiring driver at C:\Users\joshm\node_modules\appium-uiautomator2-driver
&amp#27;[38;5;16m[AppiumDriver@3cd3]&amp#27;[0m Appium v2.1.3 creating new AndroidUiautomator2Driver (v2.32.3) session
&amp#27;[38;5;16m[AppiumDriver@3cd3]&amp#27;[0m Checking BaseDriver versions for Appium and AndroidUiautomator2Driver
&amp#27;[38;5;16m[AppiumDriver@3cd3]&amp#27;[0m Appium's BaseDriver version is 9.3.20
&amp#27;[38;5;16m[AppiumDriver@3cd3]&amp#27;[0m AndroidUiautomator2Driver's BaseDriver version is 9.3.20
[debug] &amp#27;[38;5;32m[AndroidUiautomator2Driver@671d]&amp#27;[0m Creating session with W3C capabilities: {
[debug] &amp#27;[38;5;32m[AndroidUiautomator2Driver@671d]&amp#27;[0m   "alwaysMatch": {
[debug] &amp#27;[38;5;32m[AndroidUiautomator2Driver@671d]&amp#27;[0m     "platformName": "ANDROID",
[debug] &amp#27;[38;5;32m[AndroidUiautomator2Driver@671d]&amp#27;[0m     "appium:app": "C:\\Users\\joshm\\IdeaProjects\\automation_framework\\src\\resources\\General-Store.apk",
[debug] &amp#27;[38;5;32m[AndroidUiautomator2Driver@671d]&amp#27;[0m     "appium:automationName": "UIAutomator2",
[debug] &amp#27;[38;5;32m[AndroidUiautomator2Driver@671d]&amp#27;[0m     "appium:chromedriverExecutable": "C:\\Users\\joshm\\Documents\\QA\\chromedriver.exe",
[debug] &amp#27;[38;5;32m[AndroidUiautomator2Driver@671d]&amp#27;[0m     "appium:deviceName": "Test Device"
[debug] &amp#27;[38;5;32m[AndroidUiautomator2Driver@671d]&amp#27;[0m   },
[debug] &amp#27;[38;5;32m[AndroidUiautomator2Driver@671d]&amp#27;[0m   "firstMatch": [
[debug] &amp#27;[38;5;32m[AndroidUiautomator2Driver@671d]&amp#27;[0m     {}
[debug] &amp#27;[38;5;32m[AndroidUiautomator2Driver@671d]&amp#27;[0m   ]
[debug] &amp#27;[38;5;32m[AndroidUiautomator2Driver@671d]&amp#27;[0m }
&amp#27;[38;5;32m[AndroidUiautomator2Driver@671d (45d80fc4)]&amp#27;[0m Session created with session id: 45d80fc4-559e-4277-9bb3-0f6d797fd7b6
&amp#27;[38;5;48m[BaseDriver]&amp#27;[0m Using local app 'C:\Users\joshm\IdeaProjects\automation_framework\src\resources\General-Store.apk'
[debug] &amp#27;[38;5;32m[AndroidUiautomator2Driver@671d (45d80fc4)]&amp#27;[0m Checking whether app is actually present
&amp#27;[38;5;64m[ADB]&amp#27;[0m Found 2 'build-tools' folders under 'C:\Users\joshm\AppData\Local\Android\Sdk' (newest first):
&amp#27;[38;5;64m[ADB]&amp#27;[0m     C:\Users\joshm\AppData\Local\Android\Sdk\build-tools\34.0.0
&amp#27;[38;5;64m[ADB]&amp#27;[0m     C:\Users\joshm\AppData\Local\Android\Sdk\build-tools\33.0.1
&amp#27;[38;5;64m[ADB]&amp#27;[0m Using 'adb.exe' from 'C:\Users\joshm\AppData\Local\Android\Sdk\platform-tools\adb.exe'
[debug] &amp#27;[38;5;64m[ADB]&amp#27;[0m Running 'C:\Users\joshm\AppData\Local\Android\Sdk\platform-tools\adb.exe -P 5037 start-server'
&amp#27;[38;5;80m[AndroidDriver]&amp#27;[0m Retrieving device list
[debug] &amp#27;[38;5;64m[ADB]&amp#27;[0m Trying to find connected Android devices
[debug] &amp#27;[38;5;64m[ADB]&amp#27;[0m Getting connected devices
[debug] &amp#27;[38;5;64m[ADB]&amp#27;[0m Connected devices: [{"udid":"emulator-5554","state":"device"}]
&amp#27;[38;5;80m[AndroidDriver]&amp#27;[0m Using device: emulator-5554
&amp#27;[38;5;64m[ADB]&amp#27;[0m Using 'adb.exe' from 'C:\Users\joshm\AppData\Local\Android\Sdk\platform-tools\adb.exe'
[debug] &amp#27;[38;5;64m[ADB]&amp#27;[0m Running 'C:\Users\joshm\AppData\Local\Android\Sdk\platform-tools\adb.exe -P 5037 start-server'
[debug] &amp#27;[38;5;64m[ADB]&amp#27;[0m Setting device id to emulator-5554
[debug] &amp#27;[38;5;64m[ADB]&amp#27;[0m Running 'C:\Users\joshm\AppData\Local\Android\Sdk\platform-tools\adb.exe -P 5037 -s emulator-5554 shell getprop ro.build.version.sdk'
[debug] &amp#27;[38;5;64m[ADB]&amp#27;[0m Current device property 'ro.build.version.sdk': 34
&amp#27;[38;5;64m[ADB]&amp#27;[0m Getting device platform version
[debug] &amp#27;[38;5;64m[ADB]&amp#27;[0m Running 'C:\Users\joshm\AppData\Local\Android\Sdk\platform-tools\adb.exe -P 5037 -s emulator-5554 shell getprop ro.build.version.release'
[debug] &amp#27;[38;5;64m[ADB]&amp#27;[0m Current device property 'ro.build.version.release': 14
[debug] &amp#27;[38;5;64m[ADB]&amp#27;[0m Device API level: 34
&amp#27;[38;5;32m[AndroidUiautomator2Driver@671d (45d80fc4)]&amp#27;[0m Relaxing hidden api policy
[debug] &amp#27;[38;5;64m[ADB]&amp#27;[0m Running 'C:\Users\joshm\AppData\Local\Android\Sdk\platform-tools\adb.exe -P 5037 -s emulator-5554 shell 'settings put global hidden_api_policy_pre_p_apps 1;settings put global hidden_api_policy_p_apps 1;settings put global hidden_api_policy 1''
[debug] &amp#27;[38;5;80m[AndroidDriver]&amp#27;[0m Parsing package and activity from app manifest
&amp#27;[38;5;64m[ADB]&amp#27;[0m Package name: 'com.androidsample.generalstore'
&amp#27;[38;5;64m[ADB]&amp#27;[0m Main activity name: 'com.androidsample.generalstore.SplashActivity'
[debug] &amp#27;[38;5;80m[AndroidDriver]&amp#27;[0m Parsed package and activity are: com.androidsample.generalstore/com.androidsample.generalstore.SplashActivity
[debug] &amp#27;[38;5;64m[ADB]&amp#27;[0m Running 'C:\Users\joshm\AppData\Local\Android\Sdk\platform-tools\adb.exe -P 5037 -s emulator-5554 wait-for-device'
[debug] &amp#27;[38;5;64m[ADB]&amp#27;[0m Running 'C:\Users\joshm\AppData\Local\Android\Sdk\platform-tools\adb.exe -P 5037 -s emulator-5554 shell echo ping'
[debug] &amp#27;[38;5;80m[AndroidDriver]&amp#27;[0m Pushing settings apk to device...
[debug] &amp#27;[38;5;64m[ADB]&amp#27;[0m Getting package info for 'io.appium.settings'
[debug] &amp#27;[38;5;64m[ADB]&amp#27;[0m Running 'C:\Users\joshm\AppData\Local\Android\Sdk\platform-tools\adb.exe -P 5037 -s emulator-5554 shell dumpsys package io.appium.settings'
[debug] &amp#27;[38;5;64m[ADB]&amp#27;[0m The version name of the installed 'io.appium.settings' is greater or equal to the application version name ('5.1.2' >= '5.1.2')
[debug] &amp#27;[38;5;64m[ADB]&amp#27;[0m There is no need to install/upgrade 'C:\Users\joshm\node_modules\appium-uiautomator2-driver\node_modules\io.appium.settings\apks\settings_apk-debug.apk'
[debug] &amp#27;[38;5;64m[ADB]&amp#27;[0m Getting IDs of all 'io.appium.settings' processes
[debug] &amp#27;[38;5;64m[ADB]&amp#27;[0m Running 'C:\Users\joshm\AppData\Local\Android\Sdk\platform-tools\adb.exe -P 5037 -s emulator-5554 shell 'pgrep --help; echo $?''
[debug] &amp#27;[38;5;64m[ADB]&amp#27;[0m Running 'C:\Users\joshm\AppData\Local\Android\Sdk\platform-tools\adb.exe -P 5037 -s emulator-5554 shell pgrep -f \(\[\[:blank:\]\]\|\^\)io\.appium\.settings\(\[\[:blank:\]\]\|\$\)'
[debug] &amp#27;[38;5;80m[AndroidDriver]&amp#27;[0m io.appium.settings is already running. There is no need to reset its permissions.
[debug] &amp#27;[38;5;96m[Logcat]&amp#27;[0m Starting logs capture with command: C:\\Users\\joshm\\AppData\\Local\\Android\\Sdk\\platform-tools\\adb.exe -P 5037 -s emulator-5554 logcat -v threadtime
[debug] &amp#27;[38;5;32m[AndroidUiautomator2Driver@671d (45d80fc4)]&amp#27;[0m Forwarding UiAutomator2 Server port 6790 to local port 8200
[debug] &amp#27;[38;5;64m[ADB]&amp#27;[0m Forwarding system: 8200 to device: 6790
[debug] &amp#27;[38;5;64m[ADB]&amp#27;[0m Running 'C:\Users\joshm\AppData\Local\Android\Sdk\platform-tools\adb.exe -P 5037 -s emulator-5554 forward tcp:8200 tcp:6790'
[debug] &amp#27;[38;5;64m[ADB]&amp#27;[0m Checking app cert for C:\Users\joshm\node_modules\appium-uiautomator2-driver\node_modules\appium-uiautomator2-server\apks\appium-uiautomator2-server-v5.12.7.apk
[debug] &amp#27;[38;5;64m[ADB]&amp#27;[0m Checking app cert for C:\Users\joshm\node_modules\appium-uiautomator2-driver\node_modules\appium-uiautomator2-server\apks\appium-uiautomator2-server-debug-androidTest.apk
&amp#27;[38;5;64m[ADB]&amp#27;[0m Using 'apksigner.jar' from 'C:\Users\joshm\AppData\Local\Android\Sdk\build-tools\34.0.0\lib\apksigner.jar'
[debug] &amp#27;[38;5;64m[ADB]&amp#27;[0m Starting apksigner: C:\\PROGRA~1\\Java\\jdk-21\\bin\\java.exe -Xmx1024M -Xss1m -jar C:\\Users\\joshm\\AppData\\Local\\Android\\Sdk\\build-tools\\34.0.0\\lib\\apksigner.jar verify --print-certs C:\\Users\\joshm\\node_modules\\appium-uiautomator2-driver\\node_modules\\appium-uiautomator2-server\\apks\\appium-uiautomator2-server-debug-androidTest.apk
[debug] &amp#27;[38;5;64m[ADB]&amp#27;[0m Starting apksigner: C:\\PROGRA~1\\Java\\jdk-21\\bin\\java.exe -Xmx1024M -Xss1m -jar C:\\Users\\joshm\\AppData\\Local\\Android\\Sdk\\build-tools\\34.0.0\\lib\\apksigner.jar verify --print-certs C:\\Users\\joshm\\node_modules\\appium-uiautomator2-driver\\node_modules\\appium-uiautomator2-server\\apks\\appium-uiautomator2-server-v5.12.7.apk
[debug] &amp#27;[38;5;64m[ADB]&amp#27;[0m apksigner stdout: Signer #1 certificate DN: EMAILADDRESS=android@android.com, CN=Android, OU=Android, O=Android, L=Mountain View, ST=California, C=US
[debug] &amp#27;[38;5;64m[ADB]&amp#27;[0m Signer #1 certificate SHA-256 digest: a40da80a59d170caa950cf15c18c454d47a39b26989d8b640ecd745ba71bf5dc
[debug] &amp#27;[38;5;64m[ADB]&amp#27;[0m Signer #1 certificate SHA-1 digest: 61ed377e85d386a8dfee6b864bd85b0bfaa5af81
[debug] &amp#27;[38;5;64m[ADB]&amp#27;[0m Signer #1 certificate MD5 digest: e89b158e4bcf988ebd09eb83f5378e87
[debug] &amp#27;[38;5;64m[ADB]&amp#27;[0m 
[debug] &amp#27;[38;5;64m[ADB]&amp#27;[0m sha256 hash did match for 'appium-uiautomator2-server-debug-androidTest.apk'
&amp#27;[38;5;64m[ADB]&amp#27;[0m 'C:\Users\joshm\node_modules\appium-uiautomator2-driver\node_modules\appium-uiautomator2-server\apks\appium-uiautomator2-server-debug-androidTest.apk' is signed with the default certificate
[debug] &amp#27;[38;5;64m[ADB]&amp#27;[0m Getting install status for io.appium.uiautomator2.server.test
[debug] &amp#27;[38;5;64m[ADB]&amp#27;[0m Running 'C:\Users\joshm\AppData\Local\Android\Sdk\platform-tools\adb.exe -P 5037 -s emulator-5554 shell pm path io.appium.uiautomator2.server.test'
[debug] &amp#27;[38;5;64m[ADB]&amp#27;[0m 'io.appium.uiautomator2.server.test' is installed
[debug] &amp#27;[38;5;64m[ADB]&amp#27;[0m apksigner stdout: Signer #1 certificate DN: EMAILADDRESS=android@android.com, CN=Android, OU=Android, O=Android, L=Mountain View, ST=California, C=US
[debug] &amp#27;[38;5;64m[ADB]&amp#27;[0m Signer #1 certificate SHA-256 digest: a40da80a59d170caa950cf15c18c454d47a39b26989d8b640ecd745ba71bf5dc
[debug] &amp#27;[38;5;64m[ADB]&amp#27;[0m Signer #1 certificate SHA-1 digest: 61ed377e85d386a8dfee6b864bd85b0bfaa5af81
[debug] &amp#27;[38;5;64m[ADB]&amp#27;[0m Signer #1 certificate MD5 digest: e89b158e4bcf988ebd09eb83f5378e87
[debug] &amp#27;[38;5;64m[ADB]&amp#27;[0m 
[debug] &amp#27;[38;5;64m[ADB]&amp#27;[0m sha256 hash did match for 'appium-uiautomator2-server-v5.12.7.apk'
&amp#27;[38;5;64m[ADB]&amp#27;[0m 'C:\Users\joshm\node_modules\appium-uiautomator2-driver\node_modules\appium-uiautomator2-server\apks\appium-uiautomator2-server-v5.12.7.apk' is signed with the default certificate
[debug] &amp#27;[38;5;64m[ADB]&amp#27;[0m Getting package info for 'io.appium.uiautomator2.server'
[debug] &amp#27;[38;5;64m[ADB]&amp#27;[0m Running 'C:\Users\joshm\AppData\Local\Android\Sdk\platform-tools\adb.exe -P 5037 -s emulator-5554 shell dumpsys package io.appium.uiautomator2.server'
[debug] &amp#27;[38;5;64m[ADB]&amp#27;[0m The version name of the installed 'io.appium.uiautomator2.server' is greater or equal to the application version name ('5.12.7' >= '5.12.7')
[debug] &amp#27;[38;5;32m[AndroidUiautomator2Driver@671d (45d80fc4)]&amp#27;[0m Server packages status: [{"wasSigned":true,"installState":"sameVersionInstalled","appPath":"C:\\Users\\joshm\\node_modules\\appium-uiautomator2-driver\\node_modules\\appium-uiautomator2-server\\apks\\appium-uiautomator2-server-v5.12.7.apk","appId":"io.appium.uiautomator2.server"},{"wasSigned":true,"installState":"sameVersionInstalled","appPath":"C:\\Users\\joshm\\node_modules\\appium-uiautomator2-driver\\node_modules\\appium-uiautomator2-server\\apks\\appium-uiautomator2-server-debug-androidTest.apk","appId":"io.appium.uiautomator2.server.test"}]
&amp#27;[38;5;32m[AndroidUiautomator2Driver@671d (45d80fc4)]&amp#27;[0m Server packages are not going to be (re)installed
[debug] &amp#27;[38;5;32m[AndroidUiautomator2Driver@671d (45d80fc4)]&amp#27;[0m Waiting up to 30000ms for services to be available
[debug] &amp#27;[38;5;64m[ADB]&amp#27;[0m Running 'C:\Users\joshm\AppData\Local\Android\Sdk\platform-tools\adb.exe -P 5037 -s emulator-5554 shell pm list instrumentation'
[debug] &amp#27;[38;5;32m[AndroidUiautomator2Driver@671d (45d80fc4)]&amp#27;[0m Instrumentation target 'io.appium.uiautomator2.server.test/androidx.test.runner.AndroidJUnitRunner' is available
&amp#27;[38;5;64m[ADB]&amp#27;[0m Adding packages ["io.appium.settings","io.appium.uiautomator2.server","io.appium.uiautomator2.server.test"] to Doze whitelist
[debug] &amp#27;[38;5;64m[ADB]&amp#27;[0m Got the following command chunks to execute: [["dumpsys","deviceidle","whitelist","+io.appium.settings",";","dumpsys","deviceidle","whitelist","+io.appium.uiautomator2.server",";","dumpsys","deviceidle","whitelist","+io.appium.uiautomator2.server.test",";"]]
[debug] &amp#27;[38;5;64m[ADB]&amp#27;[0m Running 'C:\Users\joshm\AppData\Local\Android\Sdk\platform-tools\adb.exe -P 5037 -s emulator-5554 shell dumpsys deviceidle whitelist +io.appium.settings ; dumpsys deviceidle whitelist +io.appium.uiautomator2.server ; dumpsys deviceidle whitelist +io.appium.uiautomator2.server.test ;'
[debug] &amp#27;[38;5;64m[ADB]&amp#27;[0m Checking app cert for C:\Users\joshm\IdeaProjects\automation_framework\src\resources\General-Store.apk
[debug] &amp#27;[38;5;64m[ADB]&amp#27;[0m Starting apksigner: C:\\PROGRA~1\\Java\\jdk-21\\bin\\java.exe -Xmx1024M -Xss1m -jar C:\\Users\\joshm\\AppData\\Local\\Android\\Sdk\\build-tools\\34.0.0\\lib\\apksigner.jar verify --print-certs C:\\Users\\joshm\\IdeaProjects\\automation_framework\\src\\resources\\General-Store.apk
[debug] &amp#27;[38;5;64m[ADB]&amp#27;[0m apksigner stdout: Signer #1 certificate DN: EMAILADDRESS=android@android.com, CN=Android, OU=Android, O=Android, L=Mountain View, ST=California, C=US
[debug] &amp#27;[38;5;64m[ADB]&amp#27;[0m Signer #1 certificate SHA-256 digest: a40da80a59d170caa950cf15c18c454d47a39b26989d8b640ecd745ba71bf5dc
[debug] &amp#27;[38;5;64m[ADB]&amp#27;[0m Signer #1 certificate SHA-1 digest: 61ed377e85d386a8dfee6b864bd85b0bfaa5af81
[debug] &amp#27;[38;5;64m[ADB]&amp#27;[0m Signer #1 certificate MD5 digest: e89b158e4bcf988ebd09eb83f5378e87
[debug] &amp#27;[38;5;64m[ADB]&amp#27;[0m 
[debug] &amp#27;[38;5;64m[ADB]&amp#27;[0m sha256 hash did match for 'General-Store.apk'
&amp#27;[38;5;64m[ADB]&amp#27;[0m 'C:\Users\joshm\IdeaProjects\automation_framework\src\resources\General-Store.apk' is signed with the default certificate
[debug] &amp#27;[38;5;64m[ADB]&amp#27;[0m Getting package info for 'com.androidsample.generalstore'
[debug] &amp#27;[38;5;64m[ADB]&amp#27;[0m Running 'C:\Users\joshm\AppData\Local\Android\Sdk\platform-tools\adb.exe -P 5037 -s emulator-5554 shell dumpsys package com.androidsample.generalstore'
[debug] &amp#27;[38;5;64m[ADB]&amp#27;[0m The version name of the installed 'com.androidsample.generalstore' is greater or equal to the application version name ('1.0.0' >= '1.0.0')
[debug] &amp#27;[38;5;64m[ADB]&amp#27;[0m There is no need to install/upgrade 'C:\Users\joshm\IdeaProjects\automation_framework\src\resources\General-Store.apk'
&amp#27;[38;5;80m[AndroidDriver]&amp#27;[0m Performing fast reset on 'com.androidsample.generalstore'
[debug] &amp#27;[38;5;64m[ADB]&amp#27;[0m Getting install status for com.androidsample.generalstore
[debug] &amp#27;[38;5;64m[ADB]&amp#27;[0m Running 'C:\Users\joshm\AppData\Local\Android\Sdk\platform-tools\adb.exe -P 5037 -s emulator-5554 shell pm path com.androidsample.generalstore'
[debug] &amp#27;[38;5;64m[ADB]&amp#27;[0m 'com.androidsample.generalstore' is installed
[debug] &amp#27;[38;5;64m[ADB]&amp#27;[0m Running 'C:\Users\joshm\AppData\Local\Android\Sdk\platform-tools\adb.exe -P 5037 -s emulator-5554 shell am force-stop com.androidsample.generalstore'
[debug] &amp#27;[38;5;64m[ADB]&amp#27;[0m Running 'C:\Users\joshm\AppData\Local\Android\Sdk\platform-tools\adb.exe -P 5037 -s emulator-5554 shell pm clear com.androidsample.generalstore'
[debug] &amp#27;[38;5;80m[AndroidDriver]&amp#27;[0m Performed fast reset on the installed 'com.androidsample.generalstore' application (stop and clear)
[debug] &amp#27;[38;5;32m[AndroidUiautomator2Driver@671d (45d80fc4)]&amp#27;[0m Performing shallow cleanup of automation leftovers
[debug] &amp#27;[38;5;32m[AndroidUiautomator2Driver@671d (45d80fc4)]&amp#27;[0m The following obsolete sessions are still running: ["e0d43d86-cdd8-4dd1-b829-7ebadfba152e"]
[debug] &amp#27;[38;5;32m[AndroidUiautomator2Driver@671d (45d80fc4)]&amp#27;[0m Cleaning up 1 obsolete session
[debug] &amp#27;[38;5;64m[ADB]&amp#27;[0m Running 'C:\Users\joshm\AppData\Local\Android\Sdk\platform-tools\adb.exe -P 5037 -s emulator-5554 shell am force-stop io.appium.uiautomator2.server.test'
&amp#27;[38;5;32m[AndroidUiautomator2Driver@671d (45d80fc4)]&amp#27;[0m Starting UIAutomator2 server 5.12.7
&amp#27;[38;5;32m[AndroidUiautomator2Driver@671d (45d80fc4)]&amp#27;[0m Using UIAutomator2 server from 'C:\Users\joshm\node_modules\appium-uiautomator2-driver\node_modules\appium-uiautomator2-server\apks\appium-uiautomator2-server-v5.12.7.apk' and test from 'C:\Users\joshm\node_modules\appium-uiautomator2-driver\node_modules\appium-uiautomator2-server\apks\appium-uiautomator2-server-debug-androidTest.apk'
&amp#27;[38;5;32m[AndroidUiautomator2Driver@671d (45d80fc4)]&amp#27;[0m Waiting up to 30000ms for UiAutomator2 to be online...
[debug] &amp#27;[38;5;64m[ADB]&amp#27;[0m Creating ADB subprocess with args: ["-P","5037","-s","emulator-5554","shell","am","instrument","-w","-e","disableAnalytics","true","io.appium.uiautomator2.server.test/androidx.test.runner.AndroidJUnitRunner"]
[debug] &amp#27;[38;5;32m[AndroidUiautomator2Driver@671d (45d80fc4)]&amp#27;[0m Matched '/status' to command name 'getStatus'
[debug] &amp#27;[38;5;32m[AndroidUiautomator2Driver@671d (45d80fc4)]&amp#27;[0m Proxying [GET /status] to [GET http://127.0.0.1:8200/status] with no body
&amp#27;[38;5;32m[AndroidUiautomator2Driver@671d (45d80fc4)]&amp#27;[0m socket hang up
[debug] &amp#27;[38;5;32m[AndroidUiautomator2Driver@671d (45d80fc4)]&amp#27;[0m Matched '/status' to command name 'getStatus'
[debug] &amp#27;[38;5;32m[AndroidUiautomator2Driver@671d (45d80fc4)]&amp#27;[0m Proxying [GET /status] to [GET http://127.0.0.1:8200/status] with no body
&amp#27;[38;5;32m[AndroidUiautomator2Driver@671d (45d80fc4)]&amp#27;[0m socket hang up
[debug] &amp#27;[38;5;112m[Instrumentation]&amp#27;[0m io.appium.uiautomator2.server.test.AppiumUiAutomator2Server:
[debug] &amp#27;[38;5;32m[AndroidUiautomator2Driver@671d (45d80fc4)]&amp#27;[0m Matched '/status' to command name 'getStatus'
[debug] &amp#27;[38;5;32m[AndroidUiautomator2Driver@671d (45d80fc4)]&amp#27;[0m Proxying [GET /status] to [GET http://127.0.0.1:8200/status] with no body
&amp#27;[38;5;32m[AndroidUiautomator2Driver@671d (45d80fc4)]&amp#27;[0m socket hang up
[debug] &amp#27;[38;5;32m[AndroidUiautomator2Driver@671d (45d80fc4)]&amp#27;[0m Matched '/status' to command name 'getStatus'
[debug] &amp#27;[38;5;32m[AndroidUiautomator2Driver@671d (45d80fc4)]&amp#27;[0m Proxying [GET /status] to [GET http://127.0.0.1:8200/status] with no body
[debug] &amp#27;[38;5;32m[AndroidUiautomator2Driver@671d (45d80fc4)]&amp#27;[0m Got response with status 200: {"sessionId":"None","value":{"message":"UiAutomator2 Server is ready to accept commands","ready":true}}
[debug] &amp#27;[38;5;32m[AndroidUiautomator2Driver@671d (45d80fc4)]&amp#27;[0m The initialization of the instrumentation process took 3153ms
[debug] &amp#27;[38;5;32m[AndroidUiautomator2Driver@671d (45d80fc4)]&amp#27;[0m Matched '/session' to command name 'createSession'
[debug] &amp#27;[38;5;32m[AndroidUiautomator2Driver@671d (45d80fc4)]&amp#27;[0m Proxying [POST /session] to [POST http://127.0.0.1:8200/session] with body: {"capabilities":{"firstMatch":[{"platformName":"ANDROID","app":"C:\\Users\\joshm\\IdeaProjects\\automation_framework\\src\\resources\\General-Store.apk","automationName":"UIAutomator2","chromedriverExecutable":"C:\\Users\\joshm\\Documents\\QA\\chromedriver.exe","deviceName":"emulator-5554","platform":"LINUX","webStorageEnabled":false,"takesScreenshot":true,"javascriptEnabled":true,"databaseEnabled":false,"networkConnectionEnabled":true,"locationContextEnabled":false,"warnings":{},"desired":{"platformName":"ANDROID","app":"C:\\Users\\joshm\\IdeaProjects\\automation_framework\\src\\resources\\General-Store.apk","automationName":"UIAutomator2","chromedriverExecutable":"C:\\Users\\joshm\\Documents\\QA\\chromedriver.exe","deviceName":"Test Device"},"deviceUDID":"emulator-5554","appPackage":"com.androidsample.generalstore"}],"alwaysMatch":{}}}
[debug] &amp#27;[38;5;32m[AndroidUiautomator2Driver@671d (45d80fc4)]&amp#27;[0m Got response with status 200: {"sessionId":"2ec33fc9-1b7b-44eb-998e-f7b9c510a693","value":{"capabilities":{"firstMatch":[{"platformName":"ANDROID","app":"C:\\Users\\joshm\\IdeaProjects\\automation_framework\\src\\resources\\General-Store.apk","automationName":"UIAutomator2","chromedriverExecutable":"C:\\Users\\joshm\\Documents\\QA\\chromedriver.exe","deviceName":"emulator-5554","platform":"LINUX","webStorageEnabled":false,"takesScreenshot":true,"javascriptEnabled":true,"databaseEnabled":false,"networkConnectionEnabled":true,"locationContextEnabled":false,"warnings":{},"desired":{"platformName":"ANDROID","app":"C:\\Users\\joshm\\IdeaProjects\\automation_framework\\src\\resources\\General-Store.apk","automationName":"UIAutomator2","chromedriverExecutable":"C:\\Users\\joshm\\Documents\\QA\\chromedriver.exe","deviceName":"Test Device"},"deviceUDID":"emulator-5554","appPackage":"com.androidsample.generalstore"}],"alwaysMatch":{}},"sessionId":"2ec33fc9-1b7b-44eb-998e-f7b9c510a693"}}
&amp#27;[38;5;32m[AndroidUiautomator2Driver@671d (45d80fc4)]&amp#27;[0m Determined the downstream protocol as 'W3C'
[debug] &amp#27;[38;5;32m[AndroidUiautomator2Driver@671d (45d80fc4)]&amp#27;[0m Proxying [GET /appium/device/pixel_ratio] to [GET http://127.0.0.1:8200/session/2ec33fc9-1b7b-44eb-998e-f7b9c510a693/appium/device/pixel_ratio] with no body
[debug] &amp#27;[38;5;32m[AndroidUiautomator2Driver@671d (45d80fc4)]&amp#27;[0m Matched '/appium/device/system_bars' to command name 'getSystemBars'
[debug] &amp#27;[38;5;32m[AndroidUiautomator2Driver@671d (45d80fc4)]&amp#27;[0m Proxying [GET /appium/device/system_bars] to [GET http://127.0.0.1:8200/session/2ec33fc9-1b7b-44eb-998e-f7b9c510a693/appium/device/system_bars] with no body
[debug] &amp#27;[38;5;32m[AndroidUiautomator2Driver@671d (45d80fc4)]&amp#27;[0m Matched '/window/current/size' to command name 'getWindowSize'
[debug] &amp#27;[38;5;32m[AndroidUiautomator2Driver@671d (45d80fc4)]&amp#27;[0m Proxying [GET /window/current/size] to [GET http://127.0.0.1:8200/session/2ec33fc9-1b7b-44eb-998e-f7b9c510a693/window/current/size] with no body
[debug] &amp#27;[38;5;32m[AndroidUiautomator2Driver@671d (45d80fc4)]&amp#27;[0m Proxying [GET /appium/device/info] to [GET http://127.0.0.1:8200/session/2ec33fc9-1b7b-44eb-998e-f7b9c510a693/appium/device/info] with no body
[debug] &amp#27;[38;5;64m[ADB]&amp#27;[0m Running 'C:\Users\joshm\AppData\Local\Android\Sdk\platform-tools\adb.exe -P 5037 -s emulator-5554 shell dumpsys window'
[debug] &amp#27;[38;5;32m[AndroidUiautomator2Driver@671d (45d80fc4)]&amp#27;[0m Got response with status 200: {"sessionId":"2ec33fc9-1b7b-44eb-998e-f7b9c510a693","value":2.75}
[debug] &amp#27;[38;5;32m[AndroidUiautomator2Driver@671d (45d80fc4)]&amp#27;[0m Got response with status 200: {"sessionId":"2ec33fc9-1b7b-44eb-998e-f7b9c510a693","value":{"statusBar":66}}
[debug] &amp#27;[38;5;32m[AndroidUiautomator2Driver@671d (45d80fc4)]&amp#27;[0m Got response with status 200: {"sessionId":"2ec33fc9-1b7b-44eb-998e-f7b9c510a693","value":{"height":2154,"width":1080}}
&amp#27;[38;5;80m[AndroidDriver]&amp#27;[0m Screen already unlocked, doing nothing
&amp#27;[38;5;32m[AndroidUiautomator2Driver@671d (45d80fc4)]&amp#27;[0m Starting 'com.androidsample.generalstore/com.androidsample.generalstore.SplashActivity and waiting for 'com.androidsample.generalstore/com.androidsample.generalstore.SplashActivity'
[debug] &amp#27;[38;5;64m[ADB]&amp#27;[0m Running 'C:\Users\joshm\AppData\Local\Android\Sdk\platform-tools\adb.exe -P 5037 -s emulator-5554 shell am start -W -n com.androidsample.generalstore/com.androidsample.generalstore.SplashActivity -S -a android.intent.action.MAIN -c android.intent.category.LAUNCHER -f 0x10200000'
[debug] &amp#27;[38;5;32m[AndroidUiautomator2Driver@671d (45d80fc4)]&amp#27;[0m Got response with status 200: {"sessionId":"2ec33fc9-1b7b-44eb-998e-f7b9c510a693","value":{"androidId":"210a9df985b919ad","apiVersion":"34","bluetooth":{"state":"ON"},"brand":"google","carrierName":"T-Mobile","displayDensity":440,"locale":"en_US","manufacturer":"Google","model":"sdk_gphone64_x86_64","networks":[{"capabilities":{"SSID":null,"linkDownBandwidthKbps":4300,"linkUpstreamBandwidthKbps":1800,"networkCapabilities":"NET_CAPABILITY_MMS,NET_CAPABILITY_SUPL,NET_CAPABILITY_DUN,NET_CAPABILITY_FOTA,NET_CAPABILITY_IMS,NET_CAPABILITY_CBS,NET_CAPABILITY_INTERNET,NET_CAPABILITY_NOT_RESTRICTED,NET_CAPABILITY_TRUSTED,NET_CAPABILITY_NOT_VPN,NET_CAPABILITY_VALIDATED,NET_CAPABILITY_NOT_ROAMING,NET_CAPABILITY_NOT_CONGESTED,NET_CAPABILITY_NOT_SUSPENDED","signalStrength":-2147483648,"transportTypes":"TRANSPORT_CELLULAR"},"detailedState":"CONNECTED","extraInfo":"epc.tmobile.com","isAvailable":true,"isConnected":true,"isFailover":false,"isRoaming":false,"state":"CONNECTED","subtype":10,"subtypeName":"HSPA","type":0,"typeName":"MOBILE"},{"capabiliti...
[debug] &amp#27;[38;5;64m[ADB]&amp#27;[0m Waiting up to 20000ms for activity matching pkg: 'com.androidsample.generalstore' and activity: 'com.androidsample.generalstore.SplashActivity' to be focused
[debug] &amp#27;[38;5;64m[ADB]&amp#27;[0m Possible activities, to be checked: 'com.androidsample.generalstore.SplashActivity', 'com.androidsample.generalstore.com.androidsample.generalstore.SplashActivity'
[debug] &amp#27;[38;5;64m[ADB]&amp#27;[0m Getting focused package and activity
[debug] &amp#27;[38;5;64m[ADB]&amp#27;[0m Running 'C:\Users\joshm\AppData\Local\Android\Sdk\platform-tools\adb.exe -P 5037 -s emulator-5554 shell dumpsys window displays'
[debug] &amp#27;[38;5;64m[ADB]&amp#27;[0m Found package: 'com.androidsample.generalstore' and fully qualified activity name : 'com.androidsample.generalstore.SplashActivity'
&amp#27;[38;5;16m[AppiumDriver@3cd3]&amp#27;[0m New AndroidUiautomator2Driver session created successfully, session 45d80fc4-559e-4277-9bb3-0f6d797fd7b6 added to master session list
[debug] &amp#27;[38;5;16m[AppiumDriver@3cd3]&amp#27;[0m Event 'newSessionStarted' logged at 1698839468045 (11:51:08 GMT+0000 (Greenwich Mean Time))
[debug] &amp#27;[38;5;32m[AndroidUiautomator2Driver@671d (45d80fc4)]&amp#27;[0m Cached the protocol value 'W3C' for the new session 45d80fc4-559e-4277-9bb3-0f6d797fd7b6
[debug] &amp#27;[38;5;32m[AndroidUiautomator2Driver@671d (45d80fc4)]&amp#27;[0m Responding to client with driver.createSession() result: {"capabilities":{"platformName":"ANDROID","app":"C:\\Users\\joshm\\IdeaProjects\\automation_framework\\src\\resources\\General-Store.apk","automationName":"UIAutomator2","chromedriverExecutable":"C:\\Users\\joshm\\Documents\\QA\\chromedriver.exe","deviceName":"emulator-5554","platform":"LINUX","webStorageEnabled":false,"takesScreenshot":true,"javascriptEnabled":true,"databaseEnabled":false,"networkConnectionEnabled":true,"locationContextEnabled":false,"warnings":{},"desired":{"platformName":"ANDROID","app":"C:\\Users\\joshm\\IdeaProjects\\automation_framework\\src\\resources\\General-Store.apk","automationName":"UIAutomator2","chromedriverExecutable":"C:\\Users\\joshm\\Documents\\QA\\chromedriver.exe","deviceName":"Test Device"},"deviceUDID":"emulator-5554","appPackage":"com.androidsample.generalstore","pixelRatio":"2.75","statBarHeight":66,"viewportRect":{"left":0,"top":66,"width":1080,"height":2088},"deviceApiLevel":34,"platformVersion":"14","deviceManufacturer":"Google","deviceModel":"sdk_gphone64_x86_6...
&amp#27;[38;5;0m[HTTP]&amp#27;[0m &amp#27;[37m<-- POST /session &amp#27;[39m&amp#27;[32m200&amp#27;[39m &amp#27;[90m8802 ms - 1143&amp#27;[39m
&amp#27;[38;5;0m[HTTP]&amp#27;[0m &amp#27;[90m&amp#27;[39m
11:51:08.058 [AsyncHttpClient-1-2] DEBUG io.netty.handler.codec.compression.Brotli -- brotli4j not in the classpath; Brotli support will be unavailable.
11:51:08.059 [AsyncHttpClient-1-2] DEBUG org.asynchttpclient.netty.handler.HttpHandler -- 

Request DefaultHttpRequest(decodeResult: success, version: HTTP/1.1)
POST /session HTTP/1.1
X-Idempotency-Key: b2fb6493-4ccc-4641-b755-e35f39384d08
User-Agent: appium/8.5.1 (selenium/4.14.0 (java windows))
Content-Length: 421
Content-Type: application/json; charset=utf-8
host: 127.0.0.1:4723
accept: */*

Response DefaultHttpResponse(decodeResult: success, version: HTTP/1.1)
HTTP/1.1 200 OK
X-Powered-By: Express
Vary: X-HTTP-Method-Override
Content-Type: application/json; charset=utf-8
Content-Length: 1143
ETag: W/"477-OBsFNwZu+LWFG5XBg0BGnNv2Ntw"
Date: Wed, 01 Nov 2023 11:51:08 GMT
Connection: keep-alive
Keep-Alive: timeout=600

11:51:08.068 [AsyncHttpClient-1-2] DEBUG org.asynchttpclient.netty.channel.ChannelManager -- Adding key: http://127.0.0.1:4723 for channel [id: 0x224bf424, L:/127.0.0.1:53725 - R:/127.0.0.1:4723]
11:51:08.121 [Forwarding setTimeout on session 45d80fc4-559e-4277-9bb3-0f6d797fd7b6 to remote] DEBUG org.asynchttpclient.netty.request.NettyRequestSender -- Using pooled Channel '[id: 0x224bf424, L:/127.0.0.1:53725 - R:/127.0.0.1:4723]' for 'POST' to 'http://127.0.0.1:4723/session/45d80fc4-559e-4277-9bb3-0f6d797fd7b6/timeouts'
11:51:08.121 [Forwarding setTimeout on session 45d80fc4-559e-4277-9bb3-0f6d797fd7b6 to remote] DEBUG org.asynchttpclient.netty.request.NettyRequestSender -- Using open Channel [id: 0x224bf424, L:/127.0.0.1:53725 - R:/127.0.0.1:4723] for POST '/session/45d80fc4-559e-4277-9bb3-0f6d797fd7b6/timeouts'
&amp#27;[38;5;0m[HTTP]&amp#27;[0m &amp#27;[37m-->&amp#27;[39m &amp#27;[37mPOST&amp#27;[39m &amp#27;[37m/session/45d80fc4-559e-4277-9bb3-0f6d797fd7b6/timeouts&amp#27;[39m
&amp#27;[38;5;0m[HTTP]&amp#27;[0m &amp#27;[90m{"implicit":10000}&amp#27;[39m
[debug] &amp#27;[38;5;32m[AndroidUiautomator2Driver@671d (45d80fc4)]&amp#27;[0m Calling AppiumDriver.timeouts() with args: [null,null,null,null,10000,"45d80fc4-559e-4277-9bb3-0f6d797fd7b6"]
[debug] &amp#27;[38;5;32m[AndroidUiautomator2Driver@671d (45d80fc4)]&amp#27;[0m W3C timeout argument: {"implicit":10000}}
[debug] &amp#27;[38;5;32m[AndroidUiautomator2Driver@671d (45d80fc4)]&amp#27;[0m Set implicit wait to 10000ms
[debug] &amp#27;[38;5;32m[AndroidUiautomator2Driver@671d (45d80fc4)]&amp#27;[0m Responding to client with driver.timeouts() result: null
&amp#27;[38;5;0m[HTTP]&amp#27;[0m &amp#27;[37m<-- POST /session/45d80fc4-559e-4277-9bb3-0f6d797fd7b6/timeouts &amp#27;[39m&amp#27;[32m200&amp#27;[39m &amp#27;[90m4 ms - 14&amp#27;[39m
&amp#27;[38;5;0m[HTTP]&amp#27;[0m &amp#27;[90m&amp#27;[39m
11:51:08.131 [AsyncHttpClient-1-2] DEBUG org.asynchttpclient.netty.handler.HttpHandler -- 

Request DefaultHttpRequest(decodeResult: success, version: HTTP/1.1)
POST /session/45d80fc4-559e-4277-9bb3-0f6d797fd7b6/timeouts HTTP/1.1
User-Agent: appium/8.5.1 (selenium/4.14.0 (java windows))
Content-Length: 23
Content-Type: application/json; charset=utf-8
host: 127.0.0.1:4723
accept: */*

Response DefaultHttpResponse(decodeResult: success, version: HTTP/1.1)
HTTP/1.1 200 OK
X-Powered-By: Express
Vary: X-HTTP-Method-Override
Content-Type: application/json; charset=utf-8
Content-Length: 14
ETag: W/"e-9/1BuKMgFObM1mWJm+YjxtXJnUM"
Date: Wed, 01 Nov 2023 11:51:08 GMT
Connection: keep-alive
Keep-Alive: timeout=600

11:51:08.131 [AsyncHttpClient-1-2] DEBUG org.asynchttpclient.netty.channel.ChannelManager -- Adding key: http://127.0.0.1:4723 for channel [id: 0x224bf424, L:/127.0.0.1:53725 - R:/127.0.0.1:4723]
11:51:08.685 [AsyncHttpClient-1-1] DEBUG org.asynchttpclient.netty.channel.DefaultChannelPool -- Entry count for : http://127.0.0.1:4723 : 1
11:51:08.811 [Forwarding startActivity on session 45d80fc4-559e-4277-9bb3-0f6d797fd7b6 to remote] DEBUG org.asynchttpclient.netty.request.NettyRequestSender -- Using pooled Channel '[id: 0x224bf424, L:/127.0.0.1:53725 - R:/127.0.0.1:4723]' for 'POST' to 'http://127.0.0.1:4723/session/45d80fc4-559e-4277-9bb3-0f6d797fd7b6/appium/device/start_activity'
11:51:08.811 [Forwarding startActivity on session 45d80fc4-559e-4277-9bb3-0f6d797fd7b6 to remote] DEBUG org.asynchttpclient.netty.request.NettyRequestSender -- Using open Channel [id: 0x224bf424, L:/127.0.0.1:53725 - R:/127.0.0.1:4723] for POST '/session/45d80fc4-559e-4277-9bb3-0f6d797fd7b6/appium/device/start_activity'
&amp#27;[38;5;0m[HTTP]&amp#27;[0m &amp#27;[37m-->&amp#27;[39m &amp#27;[37mPOST&amp#27;[39m &amp#27;[37m/session/45d80fc4-559e-4277-9bb3-0f6d797fd7b6/appium/device/start_activity&amp#27;[39m
&amp#27;[38;5;0m[HTTP]&amp#27;[0m &amp#27;[90m{"appPackage":"com.androidsample.generalstore","appActivity":"com.androidsample.generalstore.SplashActivity","appWaitPackage":"","appWaitActivity":"","dontStopAppOnReset":false,"intentAction":"","intentCategory":"","intentFlags":"","optionalIntentArguments":""}&amp#27;[39m
[debug] &amp#27;[38;5;32m[AndroidUiautomator2Driver@671d (45d80fc4)]&amp#27;[0m Calling AppiumDriver.startActivity() with args: ["com.androidsample.generalstore","com.androidsample.generalstore.SplashActivity","","","","","","",false,null,null,"45d80fc4-559e-4277-9bb3-0f6d797fd7b6"]
[debug] &amp#27;[38;5;32m[AndroidUiautomator2Driver@671d (45d80fc4)]&amp#27;[0m Starting package 'com.androidsample.generalstore' and activity 'com.androidsample.generalstore.SplashActivity'
[debug] &amp#27;[38;5;64m[ADB]&amp#27;[0m Running 'C:\Users\joshm\AppData\Local\Android\Sdk\platform-tools\adb.exe -P 5037 -s emulator-5554 shell am start -W -n com.androidsample.generalstore/com.androidsample.generalstore.SplashActivity -S'
[debug] &amp#27;[38;5;64m[ADB]&amp#27;[0m Waiting up to 20000ms for activity matching pkg: 'com.androidsample.generalstore' and activity: 'com.androidsample.generalstore.SplashActivity' to be focused
[debug] &amp#27;[38;5;64m[ADB]&amp#27;[0m Possible activities, to be checked: 'com.androidsample.generalstore.SplashActivity', 'com.androidsample.generalstore.com.androidsample.generalstore.SplashActivity'
[debug] &amp#27;[38;5;64m[ADB]&amp#27;[0m Getting focused package and activity
[debug] &amp#27;[38;5;64m[ADB]&amp#27;[0m Running 'C:\Users\joshm\AppData\Local\Android\Sdk\platform-tools\adb.exe -P 5037 -s emulator-5554 shell dumpsys window displays'
[debug] &amp#27;[38;5;64m[ADB]&amp#27;[0m Found package: 'com.androidsample.generalstore' and fully qualified activity name : 'com.androidsample.generalstore.SplashActivity'
[debug] &amp#27;[38;5;32m[AndroidUiautomator2Driver@671d (45d80fc4)]&amp#27;[0m Responding to client with driver.startActivity() result: null
&amp#27;[38;5;0m[HTTP]&amp#27;[0m &amp#27;[37m<-- POST /session/45d80fc4-559e-4277-9bb3-0f6d797fd7b6/appium/device/start_activity &amp#27;[39m&amp#27;[32m200&amp#27;[39m &amp#27;[90m829 ms - 14&amp#27;[39m
&amp#27;[38;5;0m[HTTP]&amp#27;[0m &amp#27;[90m&amp#27;[39m
11:51:09.643 [AsyncHttpClient-1-2] DEBUG org.asynchttpclient.netty.handler.HttpHandler -- 

Request DefaultHttpRequest(decodeResult: success, version: HTTP/1.1)
POST /session/45d80fc4-559e-4277-9bb3-0f6d797fd7b6/appium/device/start_activity HTTP/1.1
User-Agent: appium/8.5.1 (selenium/4.14.0 (java windows))
Content-Length: 298
Content-Type: application/json; charset=utf-8
host: 127.0.0.1:4723
accept: */*

Response DefaultHttpResponse(decodeResult: success, version: HTTP/1.1)
HTTP/1.1 200 OK
X-Powered-By: Express
Vary: X-HTTP-Method-Override
Content-Type: application/json; charset=utf-8
Content-Length: 14
ETag: W/"e-9/1BuKMgFObM1mWJm+YjxtXJnUM"
Date: Wed, 01 Nov 2023 11:51:09 GMT
Connection: keep-alive
Keep-Alive: timeout=600

11:51:09.643 [AsyncHttpClient-1-2] DEBUG org.asynchttpclient.netty.channel.ChannelManager -- Adding key: http://127.0.0.1:4723 for channel [id: 0x224bf424, L:/127.0.0.1:53725 - R:/127.0.0.1:4723]
11:51:09.655 [Forwarding getCurrentContextHandle on session 45d80fc4-559e-4277-9bb3-0f6d797fd7b6 to remote] DEBUG org.asynchttpclient.netty.request.NettyRequestSender -- Using pooled Channel '[id: 0x224bf424, L:/127.0.0.1:53725 - R:/127.0.0.1:4723]' for 'GET' to 'http://127.0.0.1:4723/session/45d80fc4-559e-4277-9bb3-0f6d797fd7b6/context'
11:51:09.655 [Forwarding getCurrentContextHandle on session 45d80fc4-559e-4277-9bb3-0f6d797fd7b6 to remote] DEBUG org.asynchttpclient.netty.request.NettyRequestSender -- Using open Channel [id: 0x224bf424, L:/127.0.0.1:53725 - R:/127.0.0.1:4723] for GET '/session/45d80fc4-559e-4277-9bb3-0f6d797fd7b6/context'
&amp#27;[38;5;0m[HTTP]&amp#27;[0m &amp#27;[37m-->&amp#27;[39m &amp#27;[37mGET&amp#27;[39m &amp#27;[37m/session/45d80fc4-559e-4277-9bb3-0f6d797fd7b6/context&amp#27;[39m
&amp#27;[38;5;0m[HTTP]&amp#27;[0m &amp#27;[90m{}&amp#27;[39m
[debug] &amp#27;[38;5;32m[AndroidUiautomator2Driver@671d (45d80fc4)]&amp#27;[0m Calling AppiumDriver.getCurrentContext() with args: ["45d80fc4-559e-4277-9bb3-0f6d797fd7b6"]
[debug] &amp#27;[38;5;32m[AndroidUiautomator2Driver@671d (45d80fc4)]&amp#27;[0m Responding to client with driver.getCurrentContext() result: "NATIVE_APP"
&amp#27;[38;5;0m[HTTP]&amp#27;[0m &amp#27;[37m<-- GET /session/45d80fc4-559e-4277-9bb3-0f6d797fd7b6/context &amp#27;[39m&amp#27;[32m200&amp#27;[39m &amp#27;[90m6 ms - 22&amp#27;[39m
&amp#27;[38;5;0m[HTTP]&amp#27;[0m &amp#27;[90m&amp#27;[39m
11:51:09.663 [AsyncHttpClient-1-2] DEBUG org.asynchttpclient.netty.handler.HttpHandler -- 

Request DefaultFullHttpRequest(decodeResult: success, version: HTTP/1.1, content: EmptyByteBufBE)
GET /session/45d80fc4-559e-4277-9bb3-0f6d797fd7b6/context HTTP/1.1
Cache-Control: no-cache
User-Agent: appium/8.5.1 (selenium/4.14.0 (java windows))
Content-Type: application/json; charset=utf-8
host: 127.0.0.1:4723
accept: */*

Response DefaultHttpResponse(decodeResult: success, version: HTTP/1.1)
HTTP/1.1 200 OK
X-Powered-By: Express
Content-Type: application/json; charset=utf-8
Content-Length: 22
ETag: W/"16-nh/61Qb9yjbegUMg89kGWIA2AIE"
Date: Wed, 01 Nov 2023 11:51:09 GMT
Connection: keep-alive
Keep-Alive: timeout=600

11:51:09.663 [AsyncHttpClient-1-2] DEBUG org.asynchttpclient.netty.channel.ChannelManager -- Adding key: http://127.0.0.1:4723 for channel [id: 0x224bf424, L:/127.0.0.1:53725 - R:/127.0.0.1:4723]
11:51:09.668 [Forwarding findElement on session 45d80fc4-559e-4277-9bb3-0f6d797fd7b6 to remote] DEBUG org.asynchttpclient.netty.request.NettyRequestSender -- Using pooled Channel '[id: 0x224bf424, L:/127.0.0.1:53725 - R:/127.0.0.1:4723]' for 'POST' to 'http://127.0.0.1:4723/session/45d80fc4-559e-4277-9bb3-0f6d797fd7b6/element'
11:51:09.668 [Forwarding findElement on session 45d80fc4-559e-4277-9bb3-0f6d797fd7b6 to remote] DEBUG org.asynchttpclient.netty.request.NettyRequestSender -- Using open Channel [id: 0x224bf424, L:/127.0.0.1:53725 - R:/127.0.0.1:4723] for POST '/session/45d80fc4-559e-4277-9bb3-0f6d797fd7b6/element'
&amp#27;[38;5;0m[HTTP]&amp#27;[0m &amp#27;[37m-->&amp#27;[39m &amp#27;[37mPOST&amp#27;[39m &amp#27;[37m/session/45d80fc4-559e-4277-9bb3-0f6d797fd7b6/element&amp#27;[39m
&amp#27;[38;5;0m[HTTP]&amp#27;[0m &amp#27;[90m{"using":"id","value":"com.androidsample.generalstore:id/nameField"}&amp#27;[39m
[debug] &amp#27;[38;5;32m[AndroidUiautomator2Driver@671d (45d80fc4)]&amp#27;[0m Calling AppiumDriver.findElement() with args: ["id","com.androidsample.generalstore:id/nameField","45d80fc4-559e-4277-9bb3-0f6d797fd7b6"]
[debug] &amp#27;[38;5;32m[AndroidUiautomator2Driver@671d (45d80fc4)]&amp#27;[0m Valid locator strategies for this request: xpath, id, class name, accessibility id, css selector, -android uiautomator
[debug] &amp#27;[38;5;32m[AndroidUiautomator2Driver@671d (45d80fc4)]&amp#27;[0m Waiting up to 10000 ms for condition
[debug] &amp#27;[38;5;32m[AndroidUiautomator2Driver@671d (45d80fc4)]&amp#27;[0m Matched '/element' to command name 'findElement'
[debug] &amp#27;[38;5;32m[AndroidUiautomator2Driver@671d (45d80fc4)]&amp#27;[0m Proxying [POST /element] to [POST http://127.0.0.1:8200/session/2ec33fc9-1b7b-44eb-998e-f7b9c510a693/element] with body: {"strategy":"id","selector":"com.androidsample.generalstore:id/nameField","context":"","multiple":false}
&amp#27;[38;5;32m[AndroidUiautomator2Driver@671d (45d80fc4)]&amp#27;[0m Got response with status 404: {"sessionId":"2ec33fc9-1b7b-44eb-998e-f7b9c510a693","value":{"error":"no such element","message":"An element could not be located on the page using the given search parameters","stacktrace":"io.appium.uiautomator2.common.exceptions.ElementNotFoundException: An element could not be located on the page using the given search parameters\n\tat io.appium.uiautomator2.handler.FindElement.safeHandle(FindElement.java:63)\n\tat io.appium.uiautomator2.handler.request.SafeRequestHandler.handle(SafeRequestHandler.java:59)\n\tat io.appium.uiautomator2.server.AppiumServlet.handleRequest(AppiumServlet.java:277)\n\tat io.appium.uiautomator2.server.AppiumServlet.handleHttpRequest(AppiumServlet.java:271)\n\tat io.appium.uiautomator2.http.ServerHandler.channelRead(ServerHandler.java:77)\n\tat io.netty.channel.AbstractChannelHandlerContext.invokeChannelRead(AbstractChannelHandlerContext.java:366)\n\tat io.netty.channel.AbstractChannelHandlerContext.invokeChannelRead(AbstractChannelHandlerContext.java:352)\n\tat io.netty.chann...
[debug] &amp#27;[38;5;128m[W3C]&amp#27;[0m Matched W3C error code 'no such element' to NoSuchElementError
[debug] &amp#27;[38;5;32m[AndroidUiautomator2Driver@671d (45d80fc4)]&amp#27;[0m Waited for 784 ms so far
[debug] &amp#27;[38;5;32m[AndroidUiautomator2Driver@671d (45d80fc4)]&amp#27;[0m Matched '/element' to command name 'findElement'
[debug] &amp#27;[38;5;32m[AndroidUiautomator2Driver@671d (45d80fc4)]&amp#27;[0m Proxying [POST /element] to [POST http://127.0.0.1:8200/session/2ec33fc9-1b7b-44eb-998e-f7b9c510a693/element] with body: {"strategy":"id","selector":"com.androidsample.generalstore:id/nameField","context":"","multiple":false}
&amp#27;[38;5;32m[AndroidUiautomator2Driver@671d (45d80fc4)]&amp#27;[0m Got response with status 404: {"sessionId":"2ec33fc9-1b7b-44eb-998e-f7b9c510a693","value":{"error":"no such element","message":"An element could not be located on the page using the given search parameters","stacktrace":"io.appium.uiautomator2.common.exceptions.ElementNotFoundException: An element could not be located on the page using the given search parameters\n\tat io.appium.uiautomator2.handler.FindElement.safeHandle(FindElement.java:63)\n\tat io.appium.uiautomator2.handler.request.SafeRequestHandler.handle(SafeRequestHandler.java:59)\n\tat io.appium.uiautomator2.server.AppiumServlet.handleRequest(AppiumServlet.java:277)\n\tat io.appium.uiautomator2.server.AppiumServlet.handleHttpRequest(AppiumServlet.java:271)\n\tat io.appium.uiautomator2.http.ServerHandler.channelRead(ServerHandler.java:77)\n\tat io.netty.channel.AbstractChannelHandlerContext.invokeChannelRead(AbstractChannelHandlerContext.java:366)\n\tat io.netty.channel.AbstractChannelHandlerContext.invokeChannelRead(AbstractChannelHandlerContext.java:352)\n\tat io.netty.chann...
[debug] &amp#27;[38;5;128m[W3C]&amp#27;[0m Matched W3C error code 'no such element' to NoSuchElementError
[debug] &amp#27;[38;5;32m[AndroidUiautomator2Driver@671d (45d80fc4)]&amp#27;[0m Waited for 1319 ms so far
[debug] &amp#27;[38;5;32m[AndroidUiautomator2Driver@671d (45d80fc4)]&amp#27;[0m Matched '/element' to command name 'findElement'
[debug] &amp#27;[38;5;32m[AndroidUiautomator2Driver@671d (45d80fc4)]&amp#27;[0m Proxying [POST /element] to [POST http://127.0.0.1:8200/session/2ec33fc9-1b7b-44eb-998e-f7b9c510a693/element] with body: {"strategy":"id","selector":"com.androidsample.generalstore:id/nameField","context":"","multiple":false}
&amp#27;[38;5;32m[AndroidUiautomator2Driver@671d (45d80fc4)]&amp#27;[0m Got response with status 404: {"sessionId":"2ec33fc9-1b7b-44eb-998e-f7b9c510a693","value":{"error":"no such element","message":"An element could not be located on the page using the given search parameters","stacktrace":"io.appium.uiautomator2.common.exceptions.ElementNotFoundException: An element could not be located on the page using the given search parameters\n\tat io.appium.uiautomator2.handler.FindElement.safeHandle(FindElement.java:63)\n\tat io.appium.uiautomator2.handler.request.SafeRequestHandler.handle(SafeRequestHandler.java:59)\n\tat io.appium.uiautomator2.server.AppiumServlet.handleRequest(AppiumServlet.java:277)\n\tat io.appium.uiautomator2.server.AppiumServlet.handleHttpRequest(AppiumServlet.java:271)\n\tat io.appium.uiautomator2.http.ServerHandler.channelRead(ServerHandler.java:77)\n\tat io.netty.channel.AbstractChannelHandlerContext.invokeChannelRead(AbstractChannelHandlerContext.java:366)\n\tat io.netty.channel.AbstractChannelHandlerContext.invokeChannelRead(AbstractChannelHandlerContext.java:352)\n\tat io.netty.chann...
[debug] &amp#27;[38;5;128m[W3C]&amp#27;[0m Matched W3C error code 'no such element' to NoSuchElementError
[debug] &amp#27;[38;5;32m[AndroidUiautomator2Driver@671d (45d80fc4)]&amp#27;[0m Waited for 1852 ms so far
[debug] &amp#27;[38;5;32m[AndroidUiautomator2Driver@671d (45d80fc4)]&amp#27;[0m Matched '/element' to command name 'findElement'
[debug] &amp#27;[38;5;32m[AndroidUiautomator2Driver@671d (45d80fc4)]&amp#27;[0m Proxying [POST /element] to [POST http://127.0.0.1:8200/session/2ec33fc9-1b7b-44eb-998e-f7b9c510a693/element] with body: {"strategy":"id","selector":"com.androidsample.generalstore:id/nameField","context":"","multiple":false}
&amp#27;[38;5;32m[AndroidUiautomator2Driver@671d (45d80fc4)]&amp#27;[0m Got response with status 404: {"sessionId":"2ec33fc9-1b7b-44eb-998e-f7b9c510a693","value":{"error":"no such element","message":"An element could not be located on the page using the given search parameters","stacktrace":"io.appium.uiautomator2.common.exceptions.ElementNotFoundException: An element could not be located on the page using the given search parameters\n\tat io.appium.uiautomator2.handler.FindElement.safeHandle(FindElement.java:63)\n\tat io.appium.uiautomator2.handler.request.SafeRequestHandler.handle(SafeRequestHandler.java:59)\n\tat io.appium.uiautomator2.server.AppiumServlet.handleRequest(AppiumServlet.java:277)\n\tat io.appium.uiautomator2.server.AppiumServlet.handleHttpRequest(AppiumServlet.java:271)\n\tat io.appium.uiautomator2.http.ServerHandler.channelRead(ServerHandler.java:77)\n\tat io.netty.channel.AbstractChannelHandlerContext.invokeChannelRead(AbstractChannelHandlerContext.java:366)\n\tat io.netty.channel.AbstractChannelHandlerContext.invokeChannelRead(AbstractChannelHandlerContext.java:352)\n\tat io.netty.chann...
[debug] &amp#27;[38;5;128m[W3C]&amp#27;[0m Matched W3C error code 'no such element' to NoSuchElementError
[debug] &amp#27;[38;5;32m[AndroidUiautomator2Driver@671d (45d80fc4)]&amp#27;[0m Waited for 2389 ms so far
[debug] &amp#27;[38;5;32m[AndroidUiautomator2Driver@671d (45d80fc4)]&amp#27;[0m Matched '/element' to command name 'findElement'
[debug] &amp#27;[38;5;32m[AndroidUiautomator2Driver@671d (45d80fc4)]&amp#27;[0m Proxying [POST /element] to [POST http://127.0.0.1:8200/session/2ec33fc9-1b7b-44eb-998e-f7b9c510a693/element] with body: {"strategy":"id","selector":"com.androidsample.generalstore:id/nameField","context":"","multiple":false}
&amp#27;[38;5;32m[AndroidUiautomator2Driver@671d (45d80fc4)]&amp#27;[0m Got response with status 404: {"sessionId":"2ec33fc9-1b7b-44eb-998e-f7b9c510a693","value":{"error":"no such element","message":"An element could not be located on the page using the given search parameters","stacktrace":"io.appium.uiautomator2.common.exceptions.ElementNotFoundException: An element could not be located on the page using the given search parameters\n\tat io.appium.uiautomator2.handler.FindElement.safeHandle(FindElement.java:63)\n\tat io.appium.uiautomator2.handler.request.SafeRequestHandler.handle(SafeRequestHandler.java:59)\n\tat io.appium.uiautomator2.server.AppiumServlet.handleRequest(AppiumServlet.java:277)\n\tat io.appium.uiautomator2.server.AppiumServlet.handleHttpRequest(AppiumServlet.java:271)\n\tat io.appium.uiautomator2.http.ServerHandler.channelRead(ServerHandler.java:77)\n\tat io.netty.channel.AbstractChannelHandlerContext.invokeChannelRead(AbstractChannelHandlerContext.java:366)\n\tat io.netty.channel.AbstractChannelHandlerContext.invokeChannelRead(AbstractChannelHandlerContext.java:352)\n\tat io.netty.chann...
[debug] &amp#27;[38;5;128m[W3C]&amp#27;[0m Matched W3C error code 'no such element' to NoSuchElementError
[debug] &amp#27;[38;5;32m[AndroidUiautomator2Driver@671d (45d80fc4)]&amp#27;[0m Waited for 3049 ms so far
[debug] &amp#27;[38;5;32m[AndroidUiautomator2Driver@671d (45d80fc4)]&amp#27;[0m Matched '/element' to command name 'findElement'
[debug] &amp#27;[38;5;32m[AndroidUiautomator2Driver@671d (45d80fc4)]&amp#27;[0m Proxying [POST /element] to [POST http://127.0.0.1:8200/session/2ec33fc9-1b7b-44eb-998e-f7b9c510a693/element] with body: {"strategy":"id","selector":"com.androidsample.generalstore:id/nameField","context":"","multiple":false}
[debug] &amp#27;[38;5;32m[AndroidUiautomator2Driver@671d (45d80fc4)]&amp#27;[0m Got response with status 200: {"sessionId":"2ec33fc9-1b7b-44eb-998e-f7b9c510a693","value":{"ELEMENT":"00000000-0000-01a0-ffff-ffff0000001c","element-6066-11e4-a52e-4f735466cecf":"00000000-0000-01a0-ffff-ffff0000001c"}}
[debug] &amp#27;[38;5;32m[AndroidUiautomator2Driver@671d (45d80fc4)]&amp#27;[0m Responding to client with driver.findElement() result: {"element-6066-11e4-a52e-4f735466cecf":"00000000-0000-01a0-ffff-ffff0000001c","ELEMENT":"00000000-0000-01a0-ffff-ffff0000001c"}
&amp#27;[38;5;0m[HTTP]&amp#27;[0m &amp#27;[37m<-- POST /session/45d80fc4-559e-4277-9bb3-0f6d797fd7b6/element &amp#27;[39m&amp#27;[32m200&amp#27;[39m &amp#27;[90m4383 ms - 137&amp#27;[39m
&amp#27;[38;5;0m[HTTP]&amp#27;[0m &amp#27;[90m&amp#27;[39m
11:51:14.053 [AsyncHttpClient-1-2] DEBUG org.asynchttpclient.netty.handler.HttpHandler -- 

Request DefaultHttpRequest(decodeResult: success, version: HTTP/1.1)
POST /session/45d80fc4-559e-4277-9bb3-0f6d797fd7b6/element HTTP/1.1
User-Agent: appium/8.5.1 (selenium/4.14.0 (java windows))
Content-Length: 82
Content-Type: application/json; charset=utf-8
host: 127.0.0.1:4723
accept: */*

Response DefaultHttpResponse(decodeResult: success, version: HTTP/1.1)
HTTP/1.1 200 OK
X-Powered-By: Express
Vary: X-HTTP-Method-Override
Content-Type: application/json; charset=utf-8
Content-Length: 137
ETag: W/"89-zrP1b+Lwm5WIEuUlx7ZP1/aNQZE"
Date: Wed, 01 Nov 2023 11:51:14 GMT
Connection: keep-alive
Keep-Alive: timeout=600

11:51:14.053 [AsyncHttpClient-1-2] DEBUG org.asynchttpclient.netty.channel.ChannelManager -- Adding key: http://127.0.0.1:4723 for channel [id: 0x224bf424, L:/127.0.0.1:53725 - R:/127.0.0.1:4723]
11:51:14.057 [Forwarding sendKeysToElement on session 45d80fc4-559e-4277-9bb3-0f6d797fd7b6 to remote] DEBUG org.asynchttpclient.netty.request.NettyRequestSender -- Using pooled Channel '[id: 0x224bf424, L:/127.0.0.1:53725 - R:/127.0.0.1:4723]' for 'POST' to 'http://127.0.0.1:4723/session/45d80fc4-559e-4277-9bb3-0f6d797fd7b6/element/00000000-0000-01a0-ffff-ffff0000001c/value'
11:51:14.057 [Forwarding sendKeysToElement on session 45d80fc4-559e-4277-9bb3-0f6d797fd7b6 to remote] DEBUG org.asynchttpclient.netty.request.NettyRequestSender -- Using open Channel [id: 0x224bf424, L:/127.0.0.1:53725 - R:/127.0.0.1:4723] for POST '/session/45d80fc4-559e-4277-9bb3-0f6d797fd7b6/element/00000000-0000-01a0-ffff-ffff0000001c/value'
&amp#27;[38;5;0m[HTTP]&amp#27;[0m &amp#27;[37m-->&amp#27;[39m &amp#27;[37mPOST&amp#27;[39m &amp#27;[37m/session/45d80fc4-559e-4277-9bb3-0f6d797fd7b6/element/00000000-0000-01a0-ffff-ffff0000001c/value&amp#27;[39m
&amp#27;[38;5;0m[HTTP]&amp#27;[0m &amp#27;[90m{"id":"00000000-0000-01a0-ffff-ffff0000001c","text":"Josh McCall","value":["J","o","s","h"," ","M","c","C","a","l","l"]}&amp#27;[39m
[debug] &amp#27;[38;5;32m[AndroidUiautomator2Driver@671d (45d80fc4)]&amp#27;[0m Calling AppiumDriver.setValue() with args: [["J","o","s","h"," ","M","c","C","a","l","l"],"00000000-0000-01a0-ffff-ffff0000001c","45d80fc4-559e-4277-9bb3-0f6d797fd7b6"]
[debug] &amp#27;[38;5;32m[AndroidUiautomator2Driver@671d (45d80fc4)]&amp#27;[0m Matched '/element/00000000-0000-01a0-ffff-ffff0000001c/value' to command name 'setValue'
[debug] &amp#27;[38;5;32m[AndroidUiautomator2Driver@671d (45d80fc4)]&amp#27;[0m Added 'value' property ["J","o","s","h"," ","M","c","C","a","l","l"] to 'setValue' request body
[debug] &amp#27;[38;5;32m[AndroidUiautomator2Driver@671d (45d80fc4)]&amp#27;[0m Proxying [POST /element/00000000-0000-01a0-ffff-ffff0000001c/value] to [POST http://127.0.0.1:8200/session/2ec33fc9-1b7b-44eb-998e-f7b9c510a693/element/00000000-0000-01a0-ffff-ffff0000001c/value] with body: {"elementId":"00000000-0000-01a0-ffff-ffff0000001c","text":"Josh McCall","replace":false,"value":["J","o","s","h"," ","M","c","C","a","l","l"]}
[debug] &amp#27;[38;5;32m[AndroidUiautomator2Driver@671d (45d80fc4)]&amp#27;[0m Got response with status 200: {"sessionId":"2ec33fc9-1b7b-44eb-998e-f7b9c510a693","value":null}
[debug] &amp#27;[38;5;32m[AndroidUiautomator2Driver@671d (45d80fc4)]&amp#27;[0m Responding to client with driver.setValue() result: null
&amp#27;[38;5;0m[HTTP]&amp#27;[0m &amp#27;[37m<-- POST /session/45d80fc4-559e-4277-9bb3-0f6d797fd7b6/element/00000000-0000-01a0-ffff-ffff0000001c/value &amp#27;[39m&amp#27;[32m200&amp#27;[39m &amp#27;[90m48 ms - 14&amp#27;[39m
&amp#27;[38;5;0m[HTTP]&amp#27;[0m &amp#27;[90m&amp#27;[39m
11:51:14.106 [AsyncHttpClient-1-2] DEBUG org.asynchttpclient.netty.handler.HttpHandler -- 

Request DefaultHttpRequest(decodeResult: success, version: HTTP/1.1)
POST /session/45d80fc4-559e-4277-9bb3-0f6d797fd7b6/element/00000000-0000-01a0-ffff-ffff0000001c/value HTTP/1.1
User-Agent: appium/8.5.1 (selenium/4.14.0 (java windows))
Content-Length: 191
Content-Type: application/json; charset=utf-8
host: 127.0.0.1:4723
accept: */*

Response DefaultHttpResponse(decodeResult: success, version: HTTP/1.1)
HTTP/1.1 200 OK
X-Powered-By: Express
Vary: X-HTTP-Method-Override
Content-Type: application/json; charset=utf-8
Content-Length: 14
ETag: W/"e-9/1BuKMgFObM1mWJm+YjxtXJnUM"
Date: Wed, 01 Nov 2023 11:51:14 GMT
Connection: keep-alive
Keep-Alive: timeout=600

11:51:14.106 [AsyncHttpClient-1-2] DEBUG org.asynchttpclient.netty.channel.ChannelManager -- Adding key: http://127.0.0.1:4723 for channel [id: 0x224bf424, L:/127.0.0.1:53725 - R:/127.0.0.1:4723]
11:51:14.108 [Forwarding getCurrentContextHandle on session 45d80fc4-559e-4277-9bb3-0f6d797fd7b6 to remote] DEBUG org.asynchttpclient.netty.request.NettyRequestSender -- Using pooled Channel '[id: 0x224bf424, L:/127.0.0.1:53725 - R:/127.0.0.1:4723]' for 'GET' to 'http://127.0.0.1:4723/session/45d80fc4-559e-4277-9bb3-0f6d797fd7b6/context'
11:51:14.108 [Forwarding getCurrentContextHandle on session 45d80fc4-559e-4277-9bb3-0f6d797fd7b6 to remote] DEBUG org.asynchttpclient.netty.request.NettyRequestSender -- Using open Channel [id: 0x224bf424, L:/127.0.0.1:53725 - R:/127.0.0.1:4723] for GET '/session/45d80fc4-559e-4277-9bb3-0f6d797fd7b6/context'
&amp#27;[38;5;0m[HTTP]&amp#27;[0m &amp#27;[37m-->&amp#27;[39m &amp#27;[37mGET&amp#27;[39m &amp#27;[37m/session/45d80fc4-559e-4277-9bb3-0f6d797fd7b6/context&amp#27;[39m
&amp#27;[38;5;0m[HTTP]&amp#27;[0m &amp#27;[90m{}&amp#27;[39m
[debug] &amp#27;[38;5;32m[AndroidUiautomator2Driver@671d (45d80fc4)]&amp#27;[0m Calling AppiumDriver.getCurrentContext() with args: ["45d80fc4-559e-4277-9bb3-0f6d797fd7b6"]
[debug] &amp#27;[38;5;32m[AndroidUiautomator2Driver@671d (45d80fc4)]&amp#27;[0m Responding to client with driver.getCurrentContext() result: "NATIVE_APP"
&amp#27;[38;5;0m[HTTP]&amp#27;[0m &amp#27;[37m<-- GET /session/45d80fc4-559e-4277-9bb3-0f6d797fd7b6/context &amp#27;[39m&amp#27;[32m200&amp#27;[39m &amp#27;[90m1 ms - 22&amp#27;[39m
&amp#27;[38;5;0m[HTTP]&amp#27;[0m &amp#27;[90m&amp#27;[39m
11:51:14.111 [AsyncHttpClient-1-2] DEBUG org.asynchttpclient.netty.handler.HttpHandler -- 

Request DefaultFullHttpRequest(decodeResult: success, version: HTTP/1.1, content: EmptyByteBufBE)
GET /session/45d80fc4-559e-4277-9bb3-0f6d797fd7b6/context HTTP/1.1
Cache-Control: no-cache
User-Agent: appium/8.5.1 (selenium/4.14.0 (java windows))
Content-Type: application/json; charset=utf-8
host: 127.0.0.1:4723
accept: */*

Response DefaultHttpResponse(decodeResult: success, version: HTTP/1.1)
HTTP/1.1 200 OK
X-Powered-By: Express
Content-Type: application/json; charset=utf-8
Content-Length: 22
ETag: W/"16-nh/61Qb9yjbegUMg89kGWIA2AIE"
Date: Wed, 01 Nov 2023 11:51:14 GMT
Connection: keep-alive
Keep-Alive: timeout=600

11:51:14.111 [AsyncHttpClient-1-2] DEBUG org.asynchttpclient.netty.channel.ChannelManager -- Adding key: http://127.0.0.1:4723 for channel [id: 0x224bf424, L:/127.0.0.1:53725 - R:/127.0.0.1:4723]
11:51:14.113 [Forwarding findElement on session 45d80fc4-559e-4277-9bb3-0f6d797fd7b6 to remote] DEBUG org.asynchttpclient.netty.request.NettyRequestSender -- Using pooled Channel '[id: 0x224bf424, L:/127.0.0.1:53725 - R:/127.0.0.1:4723]' for 'POST' to 'http://127.0.0.1:4723/session/45d80fc4-559e-4277-9bb3-0f6d797fd7b6/element'
11:51:14.113 [Forwarding findElement on session 45d80fc4-559e-4277-9bb3-0f6d797fd7b6 to remote] DEBUG org.asynchttpclient.netty.request.NettyRequestSender -- Using open Channel [id: 0x224bf424, L:/127.0.0.1:53725 - R:/127.0.0.1:4723] for POST '/session/45d80fc4-559e-4277-9bb3-0f6d797fd7b6/element'
&amp#27;[38;5;0m[HTTP]&amp#27;[0m &amp#27;[37m-->&amp#27;[39m &amp#27;[37mPOST&amp#27;[39m &amp#27;[37m/session/45d80fc4-559e-4277-9bb3-0f6d797fd7b6/element&amp#27;[39m
&amp#27;[38;5;0m[HTTP]&amp#27;[0m &amp#27;[90m{"using":"id","value":"com.androidsample.generalstore:id/radioMale"}&amp#27;[39m
[debug] &amp#27;[38;5;32m[AndroidUiautomator2Driver@671d (45d80fc4)]&amp#27;[0m Calling AppiumDriver.findElement() with args: ["id","com.androidsample.generalstore:id/radioMale","45d80fc4-559e-4277-9bb3-0f6d797fd7b6"]
[debug] &amp#27;[38;5;32m[AndroidUiautomator2Driver@671d (45d80fc4)]&amp#27;[0m Valid locator strategies for this request: xpath, id, class name, accessibility id, css selector, -android uiautomator
[debug] &amp#27;[38;5;32m[AndroidUiautomator2Driver@671d (45d80fc4)]&amp#27;[0m Waiting up to 10000 ms for condition
[debug] &amp#27;[38;5;32m[AndroidUiautomator2Driver@671d (45d80fc4)]&amp#27;[0m Matched '/element' to command name 'findElement'
[debug] &amp#27;[38;5;32m[AndroidUiautomator2Driver@671d (45d80fc4)]&amp#27;[0m Proxying [POST /element] to [POST http://127.0.0.1:8200/session/2ec33fc9-1b7b-44eb-998e-f7b9c510a693/element] with body: {"strategy":"id","selector":"com.androidsample.generalstore:id/radioMale","context":"","multiple":false}
[debug] &amp#27;[38;5;32m[AndroidUiautomator2Driver@671d (45d80fc4)]&amp#27;[0m Got response with status 200: {"sessionId":"2ec33fc9-1b7b-44eb-998e-f7b9c510a693","value":{"ELEMENT":"00000000-0000-01a0-ffff-ffff0000001f","element-6066-11e4-a52e-4f735466cecf":"00000000-0000-01a0-ffff-ffff0000001f"}}
[debug] &amp#27;[38;5;32m[AndroidUiautomator2Driver@671d (45d80fc4)]&amp#27;[0m Responding to client with driver.findElement() result: {"element-6066-11e4-a52e-4f735466cecf":"00000000-0000-01a0-ffff-ffff0000001f","ELEMENT":"00000000-0000-01a0-ffff-ffff0000001f"}
11:51:14.625 [AsyncHttpClient-1-2] DEBUG org.asynchttpclient.netty.handler.HttpHandler -- 

Request DefaultHttpRequest(decodeResult: success, version: HTTP/1.1)
POST /session/45d80fc4-559e-4277-9bb3-0f6d797fd7b6/element HTTP/1.1
User-Agent: appium/8.5.1 (selenium/4.14.0 (java windows))
Content-Length: 82
Content-Type: application/json; charset=utf-8
host: 127.0.0.1:4723
accept: */*

Response DefaultHttpResponse(decodeResult: success, version: HTTP/1.1)
HTTP/1.1 200 OK
X-Powered-By: Express
Vary: X-HTTP-Method-Override
Content-Type: application/json; charset=utf-8
Content-Length: 137
ETag: W/"89-hNiHOxLM6ok0Io1qmKP7wZ2u36Q"
Date: Wed, 01 Nov 2023 11:51:14 GMT
Connection: keep-alive
Keep-Alive: timeout=600

&amp#27;[38;5;0m[HTTP]&amp#27;[0m &amp#27;[37m<-- POST /session/45d80fc4-559e-4277-9bb3-0f6d797fd7b6/element &amp#27;[39m&amp#27;[32m200&amp#27;[39m &amp#27;[90m509 ms - 137&amp#27;[39m
11:51:14.625 [AsyncHttpClient-1-2] DEBUG org.asynchttpclient.netty.channel.ChannelManager -- Adding key: http://127.0.0.1:4723 for channel [id: 0x224bf424, L:/127.0.0.1:53725 - R:/127.0.0.1:4723]
&amp#27;[38;5;0m[HTTP]&amp#27;[0m &amp#27;[90m&amp#27;[39m
11:51:14.626 [Forwarding clickElement on session 45d80fc4-559e-4277-9bb3-0f6d797fd7b6 to remote] DEBUG org.asynchttpclient.netty.request.NettyRequestSender -- Using pooled Channel '[id: 0x224bf424, L:/127.0.0.1:53725 - R:/127.0.0.1:4723]' for 'POST' to 'http://127.0.0.1:4723/session/45d80fc4-559e-4277-9bb3-0f6d797fd7b6/element/00000000-0000-01a0-ffff-ffff0000001f/click'
11:51:14.626 [Forwarding clickElement on session 45d80fc4-559e-4277-9bb3-0f6d797fd7b6 to remote] DEBUG org.asynchttpclient.netty.request.NettyRequestSender -- Using open Channel [id: 0x224bf424, L:/127.0.0.1:53725 - R:/127.0.0.1:4723] for POST '/session/45d80fc4-559e-4277-9bb3-0f6d797fd7b6/element/00000000-0000-01a0-ffff-ffff0000001f/click'
&amp#27;[38;5;0m[HTTP]&amp#27;[0m &amp#27;[37m-->&amp#27;[39m &amp#27;[37mPOST&amp#27;[39m &amp#27;[37m/session/45d80fc4-559e-4277-9bb3-0f6d797fd7b6/element/00000000-0000-01a0-ffff-ffff0000001f/click&amp#27;[39m
&amp#27;[38;5;0m[HTTP]&amp#27;[0m &amp#27;[90m{"id":"00000000-0000-01a0-ffff-ffff0000001f"}&amp#27;[39m
[debug] &amp#27;[38;5;32m[AndroidUiautomator2Driver@671d (45d80fc4)]&amp#27;[0m Calling AppiumDriver.click() with args: ["00000000-0000-01a0-ffff-ffff0000001f","45d80fc4-559e-4277-9bb3-0f6d797fd7b6"]
[debug] &amp#27;[38;5;32m[AndroidUiautomator2Driver@671d (45d80fc4)]&amp#27;[0m Matched '/element/00000000-0000-01a0-ffff-ffff0000001f/click' to command name 'click'
[debug] &amp#27;[38;5;32m[AndroidUiautomator2Driver@671d (45d80fc4)]&amp#27;[0m Proxying [POST /element/00000000-0000-01a0-ffff-ffff0000001f/click] to [POST http://127.0.0.1:8200/session/2ec33fc9-1b7b-44eb-998e-f7b9c510a693/element/00000000-0000-01a0-ffff-ffff0000001f/click] with body: {"element":"00000000-0000-01a0-ffff-ffff0000001f"}
[debug] &amp#27;[38;5;32m[AndroidUiautomator2Driver@671d (45d80fc4)]&amp#27;[0m Got response with status 200: {"sessionId":"2ec33fc9-1b7b-44eb-998e-f7b9c510a693","value":null}
[debug] &amp#27;[38;5;32m[AndroidUiautomator2Driver@671d (45d80fc4)]&amp#27;[0m Responding to client with driver.click() result: null
&amp#27;[38;5;0m[HTTP]&amp#27;[0m &amp#27;[37m<-- POST /session/45d80fc4-559e-4277-9bb3-0f6d797fd7b6/element/00000000-0000-01a0-ffff-ffff0000001f/click &amp#27;[39m&amp#27;[32m200&amp#27;[39m &amp#27;[90m44 ms - 14&amp#27;[39m
&amp#27;[38;5;0m[HTTP]&amp#27;[0m &amp#27;[90m&amp#27;[39m
11:51:14.672 [AsyncHttpClient-1-2] DEBUG org.asynchttpclient.netty.handler.HttpHandler -- 

Request DefaultHttpRequest(decodeResult: success, version: HTTP/1.1)
POST /session/45d80fc4-559e-4277-9bb3-0f6d797fd7b6/element/00000000-0000-01a0-ffff-ffff0000001f/click HTTP/1.1
User-Agent: appium/8.5.1 (selenium/4.14.0 (java windows))
Content-Length: 50
Content-Type: application/json; charset=utf-8
host: 127.0.0.1:4723
accept: */*

Response DefaultHttpResponse(decodeResult: success, version: HTTP/1.1)
HTTP/1.1 200 OK
X-Powered-By: Express
Vary: X-HTTP-Method-Override
Content-Type: application/json; charset=utf-8
Content-Length: 14
ETag: W/"e-9/1BuKMgFObM1mWJm+YjxtXJnUM"
Date: Wed, 01 Nov 2023 11:51:14 GMT
Connection: keep-alive
Keep-Alive: timeout=600

11:51:14.672 [AsyncHttpClient-1-2] DEBUG org.asynchttpclient.netty.channel.ChannelManager -- Adding key: http://127.0.0.1:4723 for channel [id: 0x224bf424, L:/127.0.0.1:53725 - R:/127.0.0.1:4723]
11:51:14.673 [Forwarding getCurrentContextHandle on session 45d80fc4-559e-4277-9bb3-0f6d797fd7b6 to remote] DEBUG org.asynchttpclient.netty.request.NettyRequestSender -- Using pooled Channel '[id: 0x224bf424, L:/127.0.0.1:53725 - R:/127.0.0.1:4723]' for 'GET' to 'http://127.0.0.1:4723/session/45d80fc4-559e-4277-9bb3-0f6d797fd7b6/context'
11:51:14.674 [Forwarding getCurrentContextHandle on session 45d80fc4-559e-4277-9bb3-0f6d797fd7b6 to remote] DEBUG org.asynchttpclient.netty.request.NettyRequestSender -- Using open Channel [id: 0x224bf424, L:/127.0.0.1:53725 - R:/127.0.0.1:4723] for GET '/session/45d80fc4-559e-4277-9bb3-0f6d797fd7b6/context'
&amp#27;[38;5;0m[HTTP]&amp#27;[0m &amp#27;[37m-->&amp#27;[39m &amp#27;[37mGET&amp#27;[39m &amp#27;[37m/session/45d80fc4-559e-4277-9bb3-0f6d797fd7b6/context&amp#27;[39m
&amp#27;[38;5;0m[HTTP]&amp#27;[0m &amp#27;[90m{}&amp#27;[39m
[debug] &amp#27;[38;5;32m[AndroidUiautomator2Driver@671d (45d80fc4)]&amp#27;[0m Calling AppiumDriver.getCurrentContext() with args: ["45d80fc4-559e-4277-9bb3-0f6d797fd7b6"]
[debug] &amp#27;[38;5;32m[AndroidUiautomator2Driver@671d (45d80fc4)]&amp#27;[0m Responding to client with driver.getCurrentContext() result: "NATIVE_APP"
&amp#27;[38;5;0m[HTTP]&amp#27;[0m &amp#27;[37m<-- GET /session/45d80fc4-559e-4277-9bb3-0f6d797fd7b6/context &amp#27;[39m&amp#27;[32m200&amp#27;[39m &amp#27;[90m2 ms - 22&amp#27;[39m
&amp#27;[38;5;0m[HTTP]&amp#27;[0m &amp#27;[90m&amp#27;[39m
11:51:14.678 [AsyncHttpClient-1-2] DEBUG org.asynchttpclient.netty.handler.HttpHandler -- 

Request DefaultFullHttpRequest(decodeResult: success, version: HTTP/1.1, content: EmptyByteBufBE)
GET /session/45d80fc4-559e-4277-9bb3-0f6d797fd7b6/context HTTP/1.1
Cache-Control: no-cache
User-Agent: appium/8.5.1 (selenium/4.14.0 (java windows))
Content-Type: application/json; charset=utf-8
host: 127.0.0.1:4723
accept: */*

Response DefaultHttpResponse(decodeResult: success, version: HTTP/1.1)
HTTP/1.1 200 OK
X-Powered-By: Express
Content-Type: application/json; charset=utf-8
Content-Length: 22
ETag: W/"16-nh/61Qb9yjbegUMg89kGWIA2AIE"
Date: Wed, 01 Nov 2023 11:51:14 GMT
Connection: keep-alive
Keep-Alive: timeout=600

11:51:14.678 [AsyncHttpClient-1-2] DEBUG org.asynchttpclient.netty.channel.ChannelManager -- Adding key: http://127.0.0.1:4723 for channel [id: 0x224bf424, L:/127.0.0.1:53725 - R:/127.0.0.1:4723]
11:51:14.680 [Forwarding findElement on session 45d80fc4-559e-4277-9bb3-0f6d797fd7b6 to remote] DEBUG org.asynchttpclient.netty.request.NettyRequestSender -- Using pooled Channel '[id: 0x224bf424, L:/127.0.0.1:53725 - R:/127.0.0.1:4723]' for 'POST' to 'http://127.0.0.1:4723/session/45d80fc4-559e-4277-9bb3-0f6d797fd7b6/element'
11:51:14.680 [Forwarding findElement on session 45d80fc4-559e-4277-9bb3-0f6d797fd7b6 to remote] DEBUG org.asynchttpclient.netty.request.NettyRequestSender -- Using open Channel [id: 0x224bf424, L:/127.0.0.1:53725 - R:/127.0.0.1:4723] for POST '/session/45d80fc4-559e-4277-9bb3-0f6d797fd7b6/element'
&amp#27;[38;5;0m[HTTP]&amp#27;[0m &amp#27;[37m-->&amp#27;[39m &amp#27;[37mPOST&amp#27;[39m &amp#27;[37m/session/45d80fc4-559e-4277-9bb3-0f6d797fd7b6/element&amp#27;[39m
&amp#27;[38;5;0m[HTTP]&amp#27;[0m &amp#27;[90m{"using":"id","value":"com.androidsample.generalstore:id/spinnerCountry"}&amp#27;[39m
[debug] &amp#27;[38;5;32m[AndroidUiautomator2Driver@671d (45d80fc4)]&amp#27;[0m Calling AppiumDriver.findElement() with args: ["id","com.androidsample.generalstore:id/spinnerCountry","45d80fc4-559e-4277-9bb3-0f6d797fd7b6"]
[debug] &amp#27;[38;5;32m[AndroidUiautomator2Driver@671d (45d80fc4)]&amp#27;[0m Valid locator strategies for this request: xpath, id, class name, accessibility id, css selector, -android uiautomator
[...]
&amp#27;[38;5;0m[HTTP]&amp#27;[0m &amp#27;[37m<-- POST /session/45d80fc4-559e-4277-9bb3-0f6d797fd7b6/elements &amp#27;[39m&amp#27;[32m200&amp#27;[39m &amp#27;[90m37 ms - 267&amp#27;[39m
&amp#27;[38;5;0m[HTTP]&amp#27;[0m &amp#27;[90m&amp#27;[39m
11:51:46.216 [AsyncHttpClient-1-2] DEBUG org.asynchttpclient.netty.handler.HttpHandler -- 

Request DefaultHttpRequest(decodeResult: success, version: HTTP/1.1)
POST /session/45d80fc4-559e-4277-9bb3-0f6d797fd7b6/elements HTTP/1.1
User-Agent: appium/8.5.1 (selenium/4.14.0 (java windows))
Content-Length: 85
Content-Type: application/json; charset=utf-8
host: 127.0.0.1:4723
accept: */*

Response DefaultHttpResponse(decodeResult: success, version: HTTP/1.1)
HTTP/1.1 200 OK
X-Powered-By: Express
Vary: X-HTTP-Method-Override
Content-Type: application/json; charset=utf-8
Content-Length: 267
ETag: W/"10b-QBlTZc1PIXAsdikyBEijcO+DAEs"
Date: Wed, 01 Nov 2023 11:51:46 GMT
Connection: keep-alive
Keep-Alive: timeout=600

11:51:46.217 [AsyncHttpClient-1-2] DEBUG org.asynchttpclient.netty.channel.ChannelManager -- Adding key: http://127.0.0.1:4723 for channel [id: 0x224bf424, L:/127.0.0.1:53725 - R:/127.0.0.1:4723]
11:51:46.218 [Forwarding getCurrentContextHandle on session 45d80fc4-559e-4277-9bb3-0f6d797fd7b6 to remote] DEBUG org.asynchttpclient.netty.request.NettyRequestSender -- Using pooled Channel '[id: 0x224bf424, L:/127.0.0.1:53725 - R:/127.0.0.1:4723]' for 'GET' to 'http://127.0.0.1:4723/session/45d80fc4-559e-4277-9bb3-0f6d797fd7b6/context'
11:51:46.218 [Forwarding getCurrentContextHandle on session 45d80fc4-559e-4277-9bb3-0f6d797fd7b6 to remote] DEBUG org.asynchttpclient.netty.request.NettyRequestSender -- Using open Channel [id: 0x224bf424, L:/127.0.0.1:53725 - R:/127.0.0.1:4723] for GET '/session/45d80fc4-559e-4277-9bb3-0f6d797fd7b6/context'
&amp#27;[38;5;0m[HTTP]&amp#27;[0m &amp#27;[37m-->&amp#27;[39m &amp#27;[37mGET&amp#27;[39m &amp#27;[37m/session/45d80fc4-559e-4277-9bb3-0f6d797fd7b6/context&amp#27;[39m
&amp#27;[38;5;0m[HTTP]&amp#27;[0m &amp#27;[90m{}&amp#27;[39m
[debug] &amp#27;[38;5;32m[AndroidUiautomator2Driver@671d (45d80fc4)]&amp#27;[0m Calling AppiumDriver.getCurrentContext() with args: ["45d80fc4-559e-4277-9bb3-0f6d797fd7b6"]
[debug] &amp#27;[38;5;32m[AndroidUiautomator2Driver@671d (45d80fc4)]&amp#27;[0m Responding to client with driver.getCurrentContext() result: "NATIVE_APP"
&amp#27;[38;5;0m[HTTP]&amp#27;[0m &amp#27;[37m<-- GET /session/45d80fc4-559e-4277-9bb3-0f6d797fd7b6/context &amp#27;[39m&amp#27;[32m200&amp#27;[39m &amp#27;[90m1 ms - 22&amp#27;[39m
&amp#27;[38;5;0m[HTTP]&amp#27;[0m &amp#27;[90m&amp#27;[39m
11:51:46.221 [AsyncHttpClient-1-2] DEBUG org.asynchttpclient.netty.handler.HttpHandler -- 

Request DefaultFullHttpRequest(decodeResult: success, version: HTTP/1.1, content: EmptyByteBufBE)
GET /session/45d80fc4-559e-4277-9bb3-0f6d797fd7b6/context HTTP/1.1
Cache-Control: no-cache
User-Agent: appium/8.5.1 (selenium/4.14.0 (java windows))
Content-Type: application/json; charset=utf-8
host: 127.0.0.1:4723
accept: */*

Response DefaultHttpResponse(decodeResult: success, version: HTTP/1.1)
HTTP/1.1 200 OK
X-Powered-By: Express
Content-Type: application/json; charset=utf-8
Content-Length: 22
ETag: W/"16-nh/61Qb9yjbegUMg89kGWIA2AIE"
Date: Wed, 01 Nov 2023 11:51:46 GMT
Connection: keep-alive
Keep-Alive: timeout=600

11:51:46.221 [AsyncHttpClient-1-2] DEBUG org.asynchttpclient.netty.channel.ChannelManager -- Adding key: http://127.0.0.1:4723 for channel [id: 0x224bf424, L:/127.0.0.1:53725 - R:/127.0.0.1:4723]
11:51:46.222 [Forwarding findElement on session 45d80fc4-559e-4277-9bb3-0f6d797fd7b6 to remote] DEBUG org.asynchttpclient.netty.request.NettyRequestSender -- Using pooled Channel '[id: 0x224bf424, L:/127.0.0.1:53725 - R:/127.0.0.1:4723]' for 'POST' to 'http://127.0.0.1:4723/session/45d80fc4-559e-4277-9bb3-0f6d797fd7b6/element'
11:51:46.222 [Forwarding findElement on session 45d80fc4-559e-4277-9bb3-0f6d797fd7b6 to remote] DEBUG org.asynchttpclient.netty.request.NettyRequestSender -- Using open Channel [id: 0x224bf424, L:/127.0.0.1:53725 - R:/127.0.0.1:4723] for POST '/session/45d80fc4-559e-4277-9bb3-0f6d797fd7b6/element'
&amp#27;[38;5;0m[HTTP]&amp#27;[0m &amp#27;[37m-->&amp#27;[39m &amp#27;[37mPOST&amp#27;[39m &amp#27;[37m/session/45d80fc4-559e-4277-9bb3-0f6d797fd7b6/element&amp#27;[39m
&amp#27;[38;5;0m[HTTP]&amp#27;[0m &amp#27;[90m{"using":"id","value":"com.androidsample.generalstore:id/totalAmountLbl"}&amp#27;[39m
[debug] &amp#27;[38;5;32m[AndroidUiautomator2Driver@671d (45d80fc4)]&amp#27;[0m Calling AppiumDriver.findElement() with args: ["id","com.androidsample.generalstore:id/totalAmountLbl","45d80fc4-559e-4277-9bb3-0f6d797fd7b6"]
[debug] &amp#27;[38;5;32m[AndroidUiautomator2Driver@671d (45d80fc4)]&amp#27;[0m Valid locator strategies for this request: xpath, id, class name, accessibility id, css selector, -android uiautomator
[debug] &amp#27;[38;5;32m[AndroidUiautomator2Driver@671d (45d80fc4)]&amp#27;[0m Waiting up to 10000 ms for condition
[debug] &amp#27;[38;5;32m[AndroidUiautomator2Driver@671d (45d80fc4)]&amp#27;[0m Matched '/element' to command name 'findElement'
[debug] &amp#27;[38;5;32m[AndroidUiautomator2Driver@671d (45d80fc4)]&amp#27;[0m Proxying [POST /element] to [POST http://127.0.0.1:8200/session/2ec33fc9-1b7b-44eb-998e-f7b9c510a693/element] with body: {"strategy":"id","selector":"com.androidsample.generalstore:id/totalAmountLbl","context":"","multiple":false}
[debug] &amp#27;[38;5;32m[AndroidUiautomator2Driver@671d (45d80fc4)]&amp#27;[0m Got response with status 200: {"sessionId":"2ec33fc9-1b7b-44eb-998e-f7b9c510a693","value":{"ELEMENT":"00000000-0000-01a8-ffff-ffff0000007a","element-6066-11e4-a52e-4f735466cecf":"00000000-0000-01a8-ffff-ffff0000007a"}}
[debug] &amp#27;[38;5;32m[AndroidUiautomator2Driver@671d (45d80fc4)]&amp#27;[0m Responding to client with driver.findElement() result: {"element-6066-11e4-a52e-4f735466cecf":"00000000-0000-01a8-ffff-ffff0000007a","ELEMENT":"00000000-0000-01a8-ffff-ffff0000007a"}
11:51:46.258 [AsyncHttpClient-1-2] DEBUG org.asynchttpclient.netty.handler.HttpHandler -- 

Request DefaultHttpRequest(decodeResult: success, version: HTTP/1.1)
POST /session/45d80fc4-559e-4277-9bb3-0f6d797fd7b6/element HTTP/1.1
User-Agent: appium/8.5.1 (selenium/4.14.0 (java windows))
Content-Length: 87
Content-Type: application/json; charset=utf-8
host: 127.0.0.1:4723
accept: */*

Response DefaultHttpResponse(decodeResult: success, version: HTTP/1.1)
HTTP/1.1 200 OK
X-Powered-By: Express
Vary: X-HTTP-Method-Override
Content-Type: application/json; charset=utf-8
Content-Length: 137
ETag: W/"89-IsHeHtYwhds+9LnUPPFLuBxwBMY"
Date: Wed, 01 Nov 2023 11:51:46 GMT
Connection: keep-alive
Keep-Alive: timeout=600

11:51:46.258 [AsyncHttpClient-1-2] DEBUG org.asynchttpclient.netty.channel.ChannelManager -- Adding key: http://127.0.0.1:4723 for channel [id: 0x224bf424, L:/127.0.0.1:53725 - R:/127.0.0.1:4723]
&amp#27;[38;5;0m[HTTP]&amp#27;[0m &amp#27;[37m<-- POST /session/45d80fc4-559e-4277-9bb3-0f6d797fd7b6/element &amp#27;[39m&amp#27;[32m200&amp#27;[39m &amp#27;[90m35 ms - 137&amp#27;[39m
&amp#27;[38;5;0m[HTTP]&amp#27;[0m &amp#27;[90m&amp#27;[39m
11:51:46.259 [Forwarding getElementText on session 45d80fc4-559e-4277-9bb3-0f6d797fd7b6 to remote] DEBUG org.asynchttpclient.netty.request.NettyRequestSender -- Using pooled Channel '[id: 0x224bf424, L:/127.0.0.1:53725 - R:/127.0.0.1:4723]' for 'GET' to 'http://127.0.0.1:4723/session/45d80fc4-559e-4277-9bb3-0f6d797fd7b6/element/00000000-0000-01a8-ffff-ffff0000007a/text'
11:51:46.259 [Forwarding getElementText on session 45d80fc4-559e-4277-9bb3-0f6d797fd7b6 to remote] DEBUG org.asynchttpclient.netty.request.NettyRequestSender -- Using open Channel [id: 0x224bf424, L:/127.0.0.1:53725 - R:/127.0.0.1:4723] for GET '/session/45d80fc4-559e-4277-9bb3-0f6d797fd7b6/element/00000000-0000-01a8-ffff-ffff0000007a/text'
&amp#27;[38;5;0m[HTTP]&amp#27;[0m &amp#27;[37m-->&amp#27;[39m &amp#27;[37mGET&amp#27;[39m &amp#27;[37m/session/45d80fc4-559e-4277-9bb3-0f6d797fd7b6/element/00000000-0000-01a8-ffff-ffff0000007a/text&amp#27;[39m
&amp#27;[38;5;0m[HTTP]&amp#27;[0m &amp#27;[90m{}&amp#27;[39m
&amp#27;[38;5;32m[AndroidUiautomator2Driver@671d (45d80fc4)]&amp#27;[0m Driver proxy active, passing request on via HTTP proxy
[debug] &amp#27;[38;5;32m[AndroidUiautomator2Driver@671d (45d80fc4)]&amp#27;[0m Matched '/session/45d80fc4-559e-4277-9bb3-0f6d797fd7b6/element/00000000-0000-01a8-ffff-ffff0000007a/text' to command name 'getText'
[debug] &amp#27;[38;5;32m[AndroidUiautomator2Driver@671d (45d80fc4)]&amp#27;[0m Proxying [GET /session/45d80fc4-559e-4277-9bb3-0f6d797fd7b6/element/00000000-0000-01a8-ffff-ffff0000007a/text] to [GET http://127.0.0.1:8200/session/2ec33fc9-1b7b-44eb-998e-f7b9c510a693/element/00000000-0000-01a8-ffff-ffff0000007a/text] with no body
[debug] &amp#27;[38;5;32m[AndroidUiautomator2Driver@671d (45d80fc4)]&amp#27;[0m Got response with status 200: {"sessionId":"2ec33fc9-1b7b-44eb-998e-f7b9c510a693","value":"$ 280.97"}
&amp#27;[38;5;32m[AndroidUiautomator2Driver@671d (45d80fc4)]&amp#27;[0m Replacing sessionId 2ec33fc9-1b7b-44eb-998e-f7b9c510a693 with 45d80fc4-559e-4277-9bb3-0f6d797fd7b6
&amp#27;[38;5;0m[HTTP]&amp#27;[0m &amp#27;[37m<-- GET /session/45d80fc4-559e-4277-9bb3-0f6d797fd7b6/element/00000000-0000-01a8-ffff-ffff0000007a/text &amp#27;[39m&amp#27;[32m200&amp#27;[39m &amp#27;[90m9 ms - 71&amp#27;[39m
&amp#27;[38;5;0m[HTTP]&amp#27;[0m &amp#27;[90m&amp#27;[39m
11:51:46.268 [AsyncHttpClient-1-2] DEBUG org.asynchttpclient.netty.handler.HttpHandler -- 

Request DefaultFullHttpRequest(decodeResult: success, version: HTTP/1.1, content: EmptyByteBufBE)
GET /session/45d80fc4-559e-4277-9bb3-0f6d797fd7b6/element/00000000-0000-01a8-ffff-ffff0000007a/text HTTP/1.1
Cache-Control: no-cache
User-Agent: appium/8.5.1 (selenium/4.14.0 (java windows))
Content-Type: application/json; charset=utf-8
host: 127.0.0.1:4723
accept: */*

Response DefaultHttpResponse(decodeResult: success, version: HTTP/1.1)
HTTP/1.1 200 OK
X-Powered-By: Express
Content-Type: application/json; charset=utf-8
Content-Length: 71
ETag: W/"47-3BQrWHskdfUacd7repBf5LIctGU"
Date: Wed, 01 Nov 2023 11:51:46 GMT
Connection: keep-alive
Keep-Alive: timeout=600

11:51:46.269 [AsyncHttpClient-1-2] DEBUG org.asynchttpclient.netty.channel.ChannelManager -- Adding key: http://127.0.0.1:4723 for channel [id: 0x224bf424, L:/127.0.0.1:53725 - R:/127.0.0.1:4723]
11:51:46.270 [Forwarding getCurrentContextHandle on session 45d80fc4-559e-4277-9bb3-0f6d797fd7b6 to remote] DEBUG org.asynchttpclient.netty.request.NettyRequestSender -- Using pooled Channel '[id: 0x224bf424, L:/127.0.0.1:53725 - R:/127.0.0.1:4723]' for 'GET' to 'http://127.0.0.1:4723/session/45d80fc4-559e-4277-9bb3-0f6d797fd7b6/context'
11:51:46.270 [Forwarding getCurrentContextHandle on session 45d80fc4-559e-4277-9bb3-0f6d797fd7b6 to remote] DEBUG org.asynchttpclient.netty.request.NettyRequestSender -- Using open Channel [id: 0x224bf424, L:/127.0.0.1:53725 - R:/127.0.0.1:4723] for GET '/session/45d80fc4-559e-4277-9bb3-0f6d797fd7b6/context'
&amp#27;[38;5;0m[HTTP]&amp#27;[0m &amp#27;[37m-->&amp#27;[39m &amp#27;[37mGET&amp#27;[39m &amp#27;[37m/session/45d80fc4-559e-4277-9bb3-0f6d797fd7b6/context&amp#27;[39m
&amp#27;[38;5;0m[HTTP]&amp#27;[0m &amp#27;[90m{}&amp#27;[39m
[debug] &amp#27;[38;5;32m[AndroidUiautomator2Driver@671d (45d80fc4)]&amp#27;[0m Calling AppiumDriver.getCurrentContext() with args: ["45d80fc4-559e-4277-9bb3-0f6d797fd7b6"]
[debug] &amp#27;[38;5;32m[AndroidUiautomator2Driver@671d (45d80fc4)]&amp#27;[0m Responding to client with driver.getCurrentContext() result: "NATIVE_APP"
&amp#27;[38;5;0m[HTTP]&amp#27;[0m &amp#27;[37m<-- GET /session/45d80fc4-559e-4277-9bb3-0f6d797fd7b6/context &amp#27;[39m&amp#27;[32m200&amp#27;[39m &amp#27;[90m1 ms - 22&amp#27;[39m
&amp#27;[38;5;0m[HTTP]&amp#27;[0m &amp#27;[90m&amp#27;[39m
11:51:46.272 [AsyncHttpClient-1-2] DEBUG org.asynchttpclient.netty.handler.HttpHandler -- 

Request DefaultFullHttpRequest(decodeResult: success, version: HTTP/1.1, content: EmptyByteBufBE)
GET /session/45d80fc4-559e-4277-9bb3-0f6d797fd7b6/context HTTP/1.1
Cache-Control: no-cache
User-Agent: appium/8.5.1 (selenium/4.14.0 (java windows))
Content-Type: application/json; charset=utf-8
host: 127.0.0.1:4723
accept: */*

Response DefaultHttpResponse(decodeResult: success, version: HTTP/1.1)
HTTP/1.1 200 OK
X-Powered-By: Express
Content-Type: application/json; charset=utf-8
Content-Length: 22
ETag: W/"16-nh/61Qb9yjbegUMg89kGWIA2AIE"
Date: Wed, 01 Nov 2023 11:51:46 GMT
Connection: keep-alive
Keep-Alive: timeout=600

11:51:46.272 [AsyncHttpClient-1-2] DEBUG org.asynchttpclient.netty.channel.ChannelManager -- Adding key: http://127.0.0.1:4723 for channel [id: 0x224bf424, L:/127.0.0.1:53725 - R:/127.0.0.1:4723]
11:51:46.273 [Forwarding findElement on session 45d80fc4-559e-4277-9bb3-0f6d797fd7b6 to remote] DEBUG org.asynchttpclient.netty.request.NettyRequestSender -- Using pooled Channel '[id: 0x224bf424, L:/127.0.0.1:53725 - R:/127.0.0.1:4723]' for 'POST' to 'http://127.0.0.1:4723/session/45d80fc4-559e-4277-9bb3-0f6d797fd7b6/element'
11:51:46.273 [Forwarding findElement on session 45d80fc4-559e-4277-9bb3-0f6d797fd7b6 to remote] DEBUG org.asynchttpclient.netty.request.NettyRequestSender -- Using open Channel [id: 0x224bf424, L:/127.0.0.1:53725 - R:/127.0.0.1:4723] for POST '/session/45d80fc4-559e-4277-9bb3-0f6d797fd7b6/element'
&amp#27;[38;5;0m[HTTP]&amp#27;[0m &amp#27;[37m-->&amp#27;[39m &amp#27;[37mPOST&amp#27;[39m &amp#27;[37m/session/45d80fc4-559e-4277-9bb3-0f6d797fd7b6/element&amp#27;[39m
&amp#27;[38;5;0m[HTTP]&amp#27;[0m &amp#27;[90m{"using":"id","value":"com.androidsample.generalstore:id/btnProceed"}&amp#27;[39m
[debug] &amp#27;[38;5;32m[AndroidUiautomator2Driver@671d (45d80fc4)]&amp#27;[0m Calling AppiumDriver.findElement() with args: ["id","com.androidsample.generalstore:id/btnProceed","45d80fc4-559e-4277-9bb3-0f6d797fd7b6"]
[debug] &amp#27;[38;5;32m[AndroidUiautomator2Driver@671d (45d80fc4)]&amp#27;[0m Valid locator strategies for this request: xpath, id, class name, accessibility id, css selector, -android uiautomator
[debug] &amp#27;[38;5;32m[AndroidUiautomator2Driver@671d (45d80fc4)]&amp#27;[0m Waiting up to 10000 ms for condition
[debug] &amp#27;[38;5;32m[AndroidUiautomator2Driver@671d (45d80fc4)]&amp#27;[0m Matched '/element' to command name 'findElement'
[debug] &amp#27;[38;5;32m[AndroidUiautomator2Driver@671d (45d80fc4)]&amp#27;[0m Proxying [POST /element] to [POST http://127.0.0.1:8200/session/2ec33fc9-1b7b-44eb-998e-f7b9c510a693/element] with body: {"strategy":"id","selector":"com.androidsample.generalstore:id/btnProceed","context":"","multiple":false}
[debug] &amp#27;[38;5;32m[AndroidUiautomator2Driver@671d (45d80fc4)]&amp#27;[0m Got response with status 200: {"sessionId":"2ec33fc9-1b7b-44eb-998e-f7b9c510a693","value":{"ELEMENT":"00000000-0000-01a8-ffff-ffff0000007c","element-6066-11e4-a52e-4f735466cecf":"00000000-0000-01a8-ffff-ffff0000007c"}}
[debug] &amp#27;[38;5;32m[AndroidUiautomator2Driver@671d (45d80fc4)]&amp#27;[0m Responding to client with driver.findElement() result: {"element-6066-11e4-a52e-4f735466cecf":"00000000-0000-01a8-ffff-ffff0000007c","ELEMENT":"00000000-0000-01a8-ffff-ffff0000007c"}
&amp#27;[38;5;0m[HTTP]&amp#27;[0m &amp#27;[37m<-- POST /session/45d80fc4-559e-4277-9bb3-0f6d797fd7b6/element &amp#27;[39m&amp#27;[32m200&amp#27;[39m &amp#27;[90m34 ms - 137&amp#27;[39m
&amp#27;[38;5;0m[HTTP]&amp#27;[0m &amp#27;[90m&amp#27;[39m
11:51:46.307 [AsyncHttpClient-1-2] DEBUG org.asynchttpclient.netty.handler.HttpHandler -- 

Request DefaultHttpRequest(decodeResult: success, version: HTTP/1.1)
POST /session/45d80fc4-559e-4277-9bb3-0f6d797fd7b6/element HTTP/1.1
User-Agent: appium/8.5.1 (selenium/4.14.0 (java windows))
Content-Length: 83
Content-Type: application/json; charset=utf-8
host: 127.0.0.1:4723
accept: */*

Response DefaultHttpResponse(decodeResult: success, version: HTTP/1.1)
HTTP/1.1 200 OK
X-Powered-By: Express
Vary: X-HTTP-Method-Override
Content-Type: application/json; charset=utf-8
Content-Length: 137
ETag: W/"89-GALjK176PUKG1TO5H7JmgDdYhQc"
Date: Wed, 01 Nov 2023 11:51:46 GMT
Connection: keep-alive
Keep-Alive: timeout=600

11:51:46.307 [AsyncHttpClient-1-2] DEBUG org.asynchttpclient.netty.channel.ChannelManager -- Adding key: http://127.0.0.1:4723 for channel [id: 0x224bf424, L:/127.0.0.1:53725 - R:/127.0.0.1:4723]
11:51:46.308 [Forwarding clickElement on session 45d80fc4-559e-4277-9bb3-0f6d797fd7b6 to remote] DEBUG org.asynchttpclient.netty.request.NettyRequestSender -- Using pooled Channel '[id: 0x224bf424, L:/127.0.0.1:53725 - R:/127.0.0.1:4723]' for 'POST' to 'http://127.0.0.1:4723/session/45d80fc4-559e-4277-9bb3-0f6d797fd7b6/element/00000000-0000-01a8-ffff-ffff0000007c/click'
11:51:46.308 [Forwarding clickElement on session 45d80fc4-559e-4277-9bb3-0f6d797fd7b6 to remote] DEBUG org.asynchttpclient.netty.request.NettyRequestSender -- Using open Channel [id: 0x224bf424, L:/127.0.0.1:53725 - R:/127.0.0.1:4723] for POST '/session/45d80fc4-559e-4277-9bb3-0f6d797fd7b6/element/00000000-0000-01a8-ffff-ffff0000007c/click'
&amp#27;[38;5;0m[HTTP]&amp#27;[0m &amp#27;[37m-->&amp#27;[39m &amp#27;[37mPOST&amp#27;[39m &amp#27;[37m/session/45d80fc4-559e-4277-9bb3-0f6d797fd7b6/element/00000000-0000-01a8-ffff-ffff0000007c/click&amp#27;[39m
&amp#27;[38;5;0m[HTTP]&amp#27;[0m &amp#27;[90m{"id":"00000000-0000-01a8-ffff-ffff0000007c"}&amp#27;[39m
[debug] &amp#27;[38;5;32m[AndroidUiautomator2Driver@671d (45d80fc4)]&amp#27;[0m Calling AppiumDriver.click() with args: ["00000000-0000-01a8-ffff-ffff0000007c","45d80fc4-559e-4277-9bb3-0f6d797fd7b6"]
[debug] &amp#27;[38;5;32m[AndroidUiautomator2Driver@671d (45d80fc4)]&amp#27;[0m Matched '/element/00000000-0000-01a8-ffff-ffff0000007c/click' to command name 'click'
[debug] &amp#27;[38;5;32m[AndroidUiautomator2Driver@671d (45d80fc4)]&amp#27;[0m Proxying [POST /element/00000000-0000-01a8-ffff-ffff0000007c/click] to [POST http://127.0.0.1:8200/session/2ec33fc9-1b7b-44eb-998e-f7b9c510a693/element/00000000-0000-01a8-ffff-ffff0000007c/click] with body: {"element":"00000000-0000-01a8-ffff-ffff0000007c"}
[debug] &amp#27;[38;5;32m[AndroidUiautomator2Driver@671d (45d80fc4)]&amp#27;[0m Got response with status 200: {"sessionId":"2ec33fc9-1b7b-44eb-998e-f7b9c510a693","value":null}
[debug] &amp#27;[38;5;32m[AndroidUiautomator2Driver@671d (45d80fc4)]&amp#27;[0m Responding to client with driver.click() result: null
&amp#27;[38;5;0m[HTTP]&amp#27;[0m &amp#27;[37m<-- POST /session/45d80fc4-559e-4277-9bb3-0f6d797fd7b6/element/00000000-0000-01a8-ffff-ffff0000007c/click &amp#27;[39m&amp#27;[32m200&amp#27;[39m &amp#27;[90m48 ms - 14&amp#27;[39m
11:51:46.358 [AsyncHttpClient-1-2] DEBUG org.asynchttpclient.netty.handler.HttpHandler -- 

Request DefaultHttpRequest(decodeResult: success, version: HTTP/1.1)
POST /session/45d80fc4-559e-4277-9bb3-0f6d797fd7b6/element/00000000-0000-01a8-ffff-ffff0000007c/click HTTP/1.1
User-Agent: appium/8.5.1 (selenium/4.14.0 (java windows))
Content-Length: 50
Content-Type: application/json; charset=utf-8
host: 127.0.0.1:4723
accept: */*

Response DefaultHttpResponse(decodeResult: success, version: HTTP/1.1)
HTTP/1.1 200 OK
X-Powered-By: Express
Vary: X-HTTP-Method-Override
Content-Type: application/json; charset=utf-8
Content-Length: 14
ETag: W/"e-9/1BuKMgFObM1mWJm+YjxtXJnUM"
Date: Wed, 01 Nov 2023 11:51:46 GMT
Connection: keep-alive
Keep-Alive: timeout=600

&amp#27;[38;5;0m[HTTP]&amp#27;[0m &amp#27;[90m&amp#27;[39m
11:51:46.359 [AsyncHttpClient-1-2] DEBUG org.asynchttpclient.netty.channel.ChannelManager -- Adding key: http://127.0.0.1:4723 for channel [id: 0x224bf424, L:/127.0.0.1:53725 - R:/127.0.0.1:4723]
]]></system-out>
  </testcase>
</testsuite>